2025-06-19 18:20:53,299 - car_scraper - INFO - load_and_filter_data:138 - Loading data from allmaker_url1016.csv
2025-06-19 18:20:53,335 - car_scraper - INFO - load_and_filter_data:181 - Successfully loaded 2716 records for 37 car makers
2025-06-19 18:20:53,336 - car_scraper - INFO - list_available_carmakers:1076 - Found 37 car makers
2025-06-19 18:23:06,054 - car_scraper - INFO - process_selected_carmakers:1329 - Starting processing of 1 selected car makers
2025-06-19 18:23:06,058 - car_scraper - INFO - process_by_carmaker:880 - Processing BMW
2025-06-19 18:23:06,059 - car_scraper - INFO - process_car_details:495 - Starting to process 132 URLs
2025-06-19 18:24:49,545 - car_scraper - WARNING - get_html:226 - HTTP error 404 for URL: https://kakaku.com/kuruma/used/spec/Maker=22/Model=31687/Generation=41605/UCGrade=25924/Page=1/
2025-06-19 18:24:49,547 - car_scraper - ERROR - get_html:246 - Failed to fetch URL after 3 attempts: https://kakaku.com/kuruma/used/spec/Maker=22/Model=31687/Generation=41605/UCGrade=25924/Page=1/
2025-06-19 18:24:49,547 - car_scraper - WARNING - process_car_details:532 - Failed to get HTML for: https://kakaku.com/kuruma/used/spec/Maker=22/Model=31687/Generation=41605/UCGrade=25924/Page=1/
2025-06-19 18:25:04,614 - car_scraper - WARNING - get_html:226 - HTTP error 404 for URL: https://kakaku.com/kuruma/used/spec/Maker=22/Model=31687/Generation=41605/UCGrade=27085/Page=1/
2025-06-19 18:25:04,615 - car_scraper - ERROR - get_html:246 - Failed to fetch URL after 3 attempts: https://kakaku.com/kuruma/used/spec/Maker=22/Model=31687/Generation=41605/UCGrade=27085/Page=1/
2025-06-19 18:25:04,616 - car_scraper - WARNING - process_car_details:532 - Failed to get HTML for: https://kakaku.com/kuruma/used/spec/Maker=22/Model=31687/Generation=41605/UCGrade=27085/Page=1/
2025-06-19 18:25:20,716 - car_scraper - WARNING - get_html:226 - HTTP error 404 for URL: https://kakaku.com/kuruma/used/spec/Maker=22/Model=31687/Generation=41605/UCGrade=32704/Page=1/
2025-06-19 18:25:20,717 - car_scraper - ERROR - get_html:246 - Failed to fetch URL after 3 attempts: https://kakaku.com/kuruma/used/spec/Maker=22/Model=31687/Generation=41605/UCGrade=32704/Page=1/
2025-06-19 18:25:20,717 - car_scraper - WARNING - process_car_details:532 - Failed to get HTML for: https://kakaku.com/kuruma/used/spec/Maker=22/Model=31687/Generation=41605/UCGrade=32704/Page=1/
2025-06-19 18:26:35,368 - car_scraper - WARNING - get_html:226 - HTTP error 404 for URL: https://kakaku.com/kuruma/used/spec/Maker=22/Model=31687/Generation=41605/UCGrade=25928/Page=1/
2025-06-19 18:26:35,369 - car_scraper - ERROR - get_html:246 - Failed to fetch URL after 3 attempts: https://kakaku.com/kuruma/used/spec/Maker=22/Model=31687/Generation=41605/UCGrade=25928/Page=1/
2025-06-19 18:26:35,369 - car_scraper - WARNING - process_car_details:532 - Failed to get HTML for: https://kakaku.com/kuruma/used/spec/Maker=22/Model=31687/Generation=41605/UCGrade=25928/Page=1/
2025-06-19 18:26:40,217 - car_scraper - WARNING - get_html:226 - HTTP error 404 for URL: https://kakaku.com/kuruma/used/spec/Maker=22/Model=31687/Generation=41605/UCGrade=42913/Page=1/
2025-06-19 18:26:40,217 - car_scraper - ERROR - get_html:246 - Failed to fetch URL after 3 attempts: https://kakaku.com/kuruma/used/spec/Maker=22/Model=31687/Generation=41605/UCGrade=42913/Page=1/
2025-06-19 18:26:40,217 - car_scraper - WARNING - process_car_details:532 - Failed to get HTML for: https://kakaku.com/kuruma/used/spec/Maker=22/Model=31687/Generation=41605/UCGrade=42913/Page=1/
2025-06-19 18:26:48,633 - car_scraper - WARNING - get_html:226 - HTTP error 404 for URL: https://kakaku.com/kuruma/used/spec/Maker=22/Model=31687/Generation=41605/UCGrade=27090/Page=1/
2025-06-19 18:26:48,633 - car_scraper - ERROR - get_html:246 - Failed to fetch URL after 3 attempts: https://kakaku.com/kuruma/used/spec/Maker=22/Model=31687/Generation=41605/UCGrade=27090/Page=1/
2025-06-19 18:26:48,633 - car_scraper - WARNING - process_car_details:532 - Failed to get HTML for: https://kakaku.com/kuruma/used/spec/Maker=22/Model=31687/Generation=41605/UCGrade=27090/Page=1/
2025-06-19 18:26:55,699 - car_scraper - WARNING - get_html:226 - HTTP error 404 for URL: https://kakaku.com/kuruma/used/spec/Maker=22/Model=31687/Generation=40925/UCGrade=20969/Page=1/
2025-06-19 18:26:55,699 - car_scraper - ERROR - get_html:246 - Failed to fetch URL after 3 attempts: https://kakaku.com/kuruma/used/spec/Maker=22/Model=31687/Generation=40925/UCGrade=20969/Page=1/
2025-06-19 18:26:55,699 - car_scraper - WARNING - process_car_details:532 - Failed to get HTML for: https://kakaku.com/kuruma/used/spec/Maker=22/Model=31687/Generation=40925/UCGrade=20969/Page=1/
2025-06-19 18:27:11,142 - car_scraper - WARNING - get_html:226 - HTTP error 404 for URL: https://kakaku.com/kuruma/used/spec/Maker=22/Model=31687/Generation=40925/UCGrade=20970/Page=1/
2025-06-19 18:27:11,143 - car_scraper - ERROR - get_html:246 - Failed to fetch URL after 3 attempts: https://kakaku.com/kuruma/used/spec/Maker=22/Model=31687/Generation=40925/UCGrade=20970/Page=1/
2025-06-19 18:27:11,143 - car_scraper - WARNING - process_car_details:532 - Failed to get HTML for: https://kakaku.com/kuruma/used/spec/Maker=22/Model=31687/Generation=40925/UCGrade=20970/Page=1/
2025-06-19 18:27:24,369 - car_scraper - WARNING - get_html:226 - HTTP error 404 for URL: https://kakaku.com/kuruma/used/spec/Maker=22/Model=33067/Generation=42401/UCGrade=53070/Page=1/
2025-06-19 18:27:24,369 - car_scraper - ERROR - get_html:246 - Failed to fetch URL after 3 attempts: https://kakaku.com/kuruma/used/spec/Maker=22/Model=33067/Generation=42401/UCGrade=53070/Page=1/
2025-06-19 18:27:24,369 - car_scraper - WARNING - process_car_details:532 - Failed to get HTML for: https://kakaku.com/kuruma/used/spec/Maker=22/Model=33067/Generation=42401/UCGrade=53070/Page=1/
2025-06-19 18:28:29,296 - car_scraper - WARNING - get_html:226 - HTTP error 404 for URL: https://kakaku.com/kuruma/used/spec/Maker=22/Model=33067/Generation=41714/UCGrade=27876/Page=1/
2025-06-19 18:28:29,296 - car_scraper - ERROR - get_html:246 - Failed to fetch URL after 3 attempts: https://kakaku.com/kuruma/used/spec/Maker=22/Model=33067/Generation=41714/UCGrade=27876/Page=1/
2025-06-19 18:28:29,296 - car_scraper - WARNING - process_car_details:532 - Failed to get HTML for: https://kakaku.com/kuruma/used/spec/Maker=22/Model=33067/Generation=41714/UCGrade=27876/Page=1/
2025-06-19 18:29:53,597 - car_scraper - WARNING - get_html:226 - HTTP error 404 for URL: https://kakaku.com/kuruma/used/spec/Maker=22/Model=30936/Generation=42426/UCGrade=62649/Page=1/
2025-06-19 18:29:53,597 - car_scraper - ERROR - get_html:246 - Failed to fetch URL after 3 attempts: https://kakaku.com/kuruma/used/spec/Maker=22/Model=30936/Generation=42426/UCGrade=62649/Page=1/
2025-06-19 18:29:53,598 - car_scraper - WARNING - process_car_details:532 - Failed to get HTML for: https://kakaku.com/kuruma/used/spec/Maker=22/Model=30936/Generation=42426/UCGrade=62649/Page=1/
2025-06-19 18:30:20,647 - car_scraper - WARNING - get_html:226 - HTTP error 404 for URL: https://kakaku.com/kuruma/used/spec/Maker=22/Model=33097/Generation=42427/UCGrade=54698/Page=1/
2025-06-19 18:30:20,648 - car_scraper - ERROR - get_html:246 - Failed to fetch URL after 3 attempts: https://kakaku.com/kuruma/used/spec/Maker=22/Model=33097/Generation=42427/UCGrade=54698/Page=1/
2025-06-19 18:30:20,648 - car_scraper - WARNING - process_car_details:532 - Failed to get HTML for: https://kakaku.com/kuruma/used/spec/Maker=22/Model=33097/Generation=42427/UCGrade=54698/Page=1/
2025-06-19 18:30:36,395 - car_scraper - WARNING - get_html:226 - HTTP error 404 for URL: https://kakaku.com/kuruma/used/spec/Maker=22/Model=33097/Generation=42427/UCGrade=54701/Page=1/
2025-06-19 18:30:36,395 - car_scraper - ERROR - get_html:246 - Failed to fetch URL after 3 attempts: https://kakaku.com/kuruma/used/spec/Maker=22/Model=33097/Generation=42427/UCGrade=54701/Page=1/
2025-06-19 18:30:36,395 - car_scraper - WARNING - process_car_details:532 - Failed to get HTML for: https://kakaku.com/kuruma/used/spec/Maker=22/Model=33097/Generation=42427/UCGrade=54701/Page=1/
2025-06-19 18:30:42,079 - car_scraper - WARNING - get_html:226 - HTTP error 404 for URL: https://kakaku.com/kuruma/used/spec/Maker=22/Model=33097/Generation=41766/UCGrade=28745/Page=1/
2025-06-19 18:30:42,079 - car_scraper - ERROR - get_html:246 - Failed to fetch URL after 3 attempts: https://kakaku.com/kuruma/used/spec/Maker=22/Model=33097/Generation=41766/UCGrade=28745/Page=1/
2025-06-19 18:30:42,079 - car_scraper - WARNING - process_car_details:532 - Failed to get HTML for: https://kakaku.com/kuruma/used/spec/Maker=22/Model=33097/Generation=41766/UCGrade=28745/Page=1/
2025-06-19 18:31:19,315 - car_scraper - WARNING - get_html:226 - HTTP error 404 for URL: https://kakaku.com/kuruma/used/spec/Maker=22/Model=31789/Generation=42153/UCGrade=43647/Page=1/
2025-06-19 18:31:19,315 - car_scraper - ERROR - get_html:246 - Failed to fetch URL after 3 attempts: https://kakaku.com/kuruma/used/spec/Maker=22/Model=31789/Generation=42153/UCGrade=43647/Page=1/
2025-06-19 18:31:19,316 - car_scraper - WARNING - process_car_details:532 - Failed to get HTML for: https://kakaku.com/kuruma/used/spec/Maker=22/Model=31789/Generation=42153/UCGrade=43647/Page=1/
2025-06-19 18:31:33,822 - car_scraper - WARNING - get_html:226 - HTTP error 404 for URL: https://kakaku.com/kuruma/used/spec/Maker=22/Model=31789/Generation=40891/UCGrade=22579/Page=1/
2025-06-19 18:31:33,823 - car_scraper - ERROR - get_html:246 - Failed to fetch URL after 3 attempts: https://kakaku.com/kuruma/used/spec/Maker=22/Model=31789/Generation=40891/UCGrade=22579/Page=1/
2025-06-19 18:31:33,823 - car_scraper - WARNING - process_car_details:532 - Failed to get HTML for: https://kakaku.com/kuruma/used/spec/Maker=22/Model=31789/Generation=40891/UCGrade=22579/Page=1/
2025-06-19 18:31:50,424 - car_scraper - WARNING - get_html:226 - HTTP error 404 for URL: https://kakaku.com/kuruma/used/spec/Maker=22/Model=31792/Generation=41859/UCGrade=31724/Page=1/
2025-06-19 18:31:50,424 - car_scraper - ERROR - get_html:246 - Failed to fetch URL after 3 attempts: https://kakaku.com/kuruma/used/spec/Maker=22/Model=31792/Generation=41859/UCGrade=31724/Page=1/
2025-06-19 18:31:50,424 - car_scraper - WARNING - process_car_details:532 - Failed to get HTML for: https://kakaku.com/kuruma/used/spec/Maker=22/Model=31792/Generation=41859/UCGrade=31724/Page=1/
2025-06-19 18:33:07,730 - car_scraper - WARNING - get_html:226 - HTTP error 404 for URL: https://kakaku.com/kuruma/used/spec/Maker=22/Model=30942/Generation=40389/UCGrade=30092/Page=1/
2025-06-19 18:33:07,731 - car_scraper - ERROR - get_html:246 - Failed to fetch URL after 3 attempts: https://kakaku.com/kuruma/used/spec/Maker=22/Model=30942/Generation=40389/UCGrade=30092/Page=1/
2025-06-19 18:33:07,731 - car_scraper - WARNING - process_car_details:532 - Failed to get HTML for: https://kakaku.com/kuruma/used/spec/Maker=22/Model=30942/Generation=40389/UCGrade=30092/Page=1/
2025-06-19 18:33:18,127 - car_scraper - WARNING - get_html:226 - HTTP error 404 for URL: https://kakaku.com/kuruma/used/spec/Maker=22/Model=30942/Generation=40389/UCGrade=27101/Page=1/
2025-06-19 18:33:18,127 - car_scraper - ERROR - get_html:246 - Failed to fetch URL after 3 attempts: https://kakaku.com/kuruma/used/spec/Maker=22/Model=30942/Generation=40389/UCGrade=27101/Page=1/
2025-06-19 18:33:18,128 - car_scraper - WARNING - process_car_details:532 - Failed to get HTML for: https://kakaku.com/kuruma/used/spec/Maker=22/Model=30942/Generation=40389/UCGrade=27101/Page=1/
2025-06-19 18:33:24,983 - car_scraper - INFO - process_car_details:589 - Processing complete. Success: 132, Failed: 0, Total items: 1260
2025-06-19 18:33:25,008 - car_scraper - INFO - preprocess_dataframe:612 - Starting preprocessing of DataFrame with 1260 rows
2025-06-19 18:33:25,008 - car_scraper - INFO - preprocess_dataframe:618 - Removing 2 columns with long names
2025-06-19 18:33:25,023 - car_scraper - INFO - preprocess_dataframe:753 - Dropped 18 rows with missing critical data
2025-06-19 18:33:25,028 - car_scraper - INFO - preprocess_dataframe:792 - Preprocessing complete. Rows: 1260 -> 1242
2025-06-19 18:33:25,030 - car_scraper - INFO - filter_dataframe:823 - 欠損値を含む行を削除しました。
2025-06-19 18:33:25,031 - car_scraper - INFO - process_by_carmaker:892 - Processing model: 3シリーズツーリング
2025-06-19 18:33:25,258 - car_scraper - INFO - process_by_carmaker:953 - Saved /Users/yutaka/Documents/csv/expectedPrice/20250619_3シリーズツーリング_withexpectedPrice.csv
2025-06-19 18:33:25,258 - car_scraper - INFO - process_by_carmaker:892 - Processing model: 4シリーズクーペ
2025-06-19 18:33:25,346 - car_scraper - INFO - process_by_carmaker:953 - Saved /Users/yutaka/Documents/csv/expectedPrice/20250619_4シリーズクーペ_withexpectedPrice.csv
2025-06-19 18:33:25,347 - car_scraper - INFO - process_by_carmaker:892 - Processing model: i8
2025-06-19 18:33:25,371 - car_scraper - WARNING - process_by_carmaker:916 - Not enough samples for K-Fold Cross-Validation in 'i8' dataset.
2025-06-19 18:33:25,387 - car_scraper - INFO - process_by_carmaker:953 - Saved /Users/yutaka/Documents/csv/expectedPrice/20250619_i8_withexpectedPrice.csv
2025-06-19 18:33:25,387 - car_scraper - INFO - process_by_carmaker:892 - Processing model: M2クーペ
2025-06-19 18:33:25,404 - car_scraper - INFO - process_by_carmaker:953 - Saved /Users/yutaka/Documents/csv/expectedPrice/20250619_M2クーペ_withexpectedPrice.csv
2025-06-19 18:33:25,404 - car_scraper - INFO - process_by_carmaker:892 - Processing model: M3セダン
2025-06-19 18:33:25,418 - car_scraper - INFO - process_by_carmaker:953 - Saved /Users/yutaka/Documents/csv/expectedPrice/20250619_M3セダン_withexpectedPrice.csv
2025-06-19 18:33:25,419 - car_scraper - INFO - process_by_carmaker:892 - Processing model: M3 ツーリング
2025-06-19 18:33:25,441 - car_scraper - INFO - process_by_carmaker:953 - Saved /Users/yutaka/Documents/csv/expectedPrice/20250619_M3 ツーリング_withexpectedPrice.csv
2025-06-19 18:33:25,441 - car_scraper - INFO - process_by_carmaker:892 - Processing model: M4クーペ
2025-06-19 18:33:25,457 - car_scraper - INFO - process_by_carmaker:953 - Saved /Users/yutaka/Documents/csv/expectedPrice/20250619_M4クーペ_withexpectedPrice.csv
2025-06-19 18:33:25,457 - car_scraper - INFO - process_by_carmaker:892 - Processing model: M5セダン
2025-06-19 18:33:25,473 - car_scraper - INFO - process_by_carmaker:953 - Saved /Users/yutaka/Documents/csv/expectedPrice/20250619_M5セダン_withexpectedPrice.csv
2025-06-19 18:33:25,473 - car_scraper - INFO - process_by_carmaker:892 - Processing model: M6クーペ
2025-06-19 18:33:25,488 - car_scraper - INFO - process_by_carmaker:953 - Saved /Users/yutaka/Documents/csv/expectedPrice/20250619_M6クーペ_withexpectedPrice.csv
2025-06-19 18:33:25,489 - car_scraper - INFO - process_by_carmaker:892 - Processing model: X3M
2025-06-19 18:33:25,502 - car_scraper - INFO - process_by_carmaker:953 - Saved /Users/yutaka/Documents/csv/expectedPrice/20250619_X3M_withexpectedPrice.csv
2025-06-19 18:33:25,502 - car_scraper - INFO - process_by_carmaker:892 - Processing model: X5M
2025-06-19 18:33:25,515 - car_scraper - INFO - process_by_carmaker:953 - Saved /Users/yutaka/Documents/csv/expectedPrice/20250619_X5M_withexpectedPrice.csv
2025-06-19 18:33:25,516 - car_scraper - INFO - process_by_carmaker:892 - Processing model: Z4
2025-06-19 18:33:25,532 - car_scraper - INFO - process_by_carmaker:953 - Saved /Users/yutaka/Documents/csv/expectedPrice/20250619_Z4_withexpectedPrice.csv
2025-06-19 18:33:25,535 - car_scraper - INFO - log_statistics:981 - Request Statistics: {'total_requests': 1421, 'successful_requests': 1402, 'failed_requests': 19, 'success_rate_percent': 98.66}
2025-06-19 18:33:25,535 - car_scraper - INFO - safe_shutdown:991 - Session closed successfully
2025-06-27 08:21:49,282 - car_scraper - INFO - load_and_filter_data:130 - Loading data from allmaker_url1016.csv
2025-06-27 08:21:49,330 - car_scraper - INFO - load_and_filter_data:173 - Successfully loaded 2716 records for 37 car makers
2025-06-27 08:21:49,330 - car_scraper - INFO - load_carmaker_config:1248 - Loaded 2 car maker indices from config/carmaker_selection.txt
2025-06-27 08:21:49,331 - car_scraper - INFO - process_by_carmaker:872 - Processing AMG
2025-06-27 08:21:49,331 - car_scraper - INFO - process_car_details:487 - Starting to process 96 URLs
2025-06-27 08:23:03,442 - car_scraper - WARNING - get_html:218 - HTTP error 404 for URL: https://kakaku.com/kuruma/used/spec/Maker=26/Model=31910/Generation=41701/UCGrade=29257/Page=1/
2025-06-27 08:23:03,443 - car_scraper - ERROR - get_html:238 - Failed to fetch URL after 3 attempts: https://kakaku.com/kuruma/used/spec/Maker=26/Model=31910/Generation=41701/UCGrade=29257/Page=1/
2025-06-27 08:23:03,443 - car_scraper - WARNING - process_car_details:524 - Failed to get HTML for: https://kakaku.com/kuruma/used/spec/Maker=26/Model=31910/Generation=41701/UCGrade=29257/Page=1/
2025-06-27 08:25:09,336 - car_scraper - WARNING - get_html:218 - HTTP error 404 for URL: https://kakaku.com/kuruma/used/spec/Maker=26/Model=31913/Generation=42313/UCGrade=64048/Page=1/
2025-06-27 08:25:09,336 - car_scraper - ERROR - get_html:238 - Failed to fetch URL after 3 attempts: https://kakaku.com/kuruma/used/spec/Maker=26/Model=31913/Generation=42313/UCGrade=64048/Page=1/
2025-06-27 08:25:09,337 - car_scraper - WARNING - process_car_details:524 - Failed to get HTML for: https://kakaku.com/kuruma/used/spec/Maker=26/Model=31913/Generation=42313/UCGrade=64048/Page=1/
2025-06-27 08:25:56,329 - car_scraper - WARNING - get_html:218 - HTTP error 404 for URL: https://kakaku.com/kuruma/used/spec/Maker=26/Model=31850/Generation=41612/UCGrade=26222/Page=1/
2025-06-27 08:25:56,331 - car_scraper - ERROR - get_html:238 - Failed to fetch URL after 3 attempts: https://kakaku.com/kuruma/used/spec/Maker=26/Model=31850/Generation=41612/UCGrade=26222/Page=1/
2025-06-27 08:25:56,331 - car_scraper - WARNING - process_car_details:524 - Failed to get HTML for: https://kakaku.com/kuruma/used/spec/Maker=26/Model=31850/Generation=41612/UCGrade=26222/Page=1/
2025-06-27 08:29:08,859 - car_scraper - WARNING - get_html:218 - HTTP error 404 for URL: https://kakaku.com/kuruma/used/spec/Maker=26/Model=33159/Generation=41889/UCGrade=34859/Page=1/
2025-06-27 08:29:08,860 - car_scraper - ERROR - get_html:238 - Failed to fetch URL after 3 attempts: https://kakaku.com/kuruma/used/spec/Maker=26/Model=33159/Generation=41889/UCGrade=34859/Page=1/
2025-06-27 08:29:08,860 - car_scraper - WARNING - process_car_details:524 - Failed to get HTML for: https://kakaku.com/kuruma/used/spec/Maker=26/Model=33159/Generation=41889/UCGrade=34859/Page=1/
2025-06-27 08:29:33,593 - car_scraper - WARNING - get_html:218 - HTTP error 404 for URL: https://kakaku.com/kuruma/used/spec/Maker=26/Model=33296/Generation=42128/UCGrade=48458/Page=1/
2025-06-27 08:29:33,593 - car_scraper - ERROR - get_html:238 - Failed to fetch URL after 3 attempts: https://kakaku.com/kuruma/used/spec/Maker=26/Model=33296/Generation=42128/UCGrade=48458/Page=1/
2025-06-27 08:29:33,593 - car_scraper - WARNING - process_car_details:524 - Failed to get HTML for: https://kakaku.com/kuruma/used/spec/Maker=26/Model=33296/Generation=42128/UCGrade=48458/Page=1/
2025-06-27 08:30:18,680 - car_scraper - INFO - process_car_details:581 - Processing complete. Success: 96, Failed: 0, Total items: 1078
2025-06-27 08:30:18,713 - car_scraper - INFO - preprocess_dataframe:604 - Starting preprocessing of DataFrame with 1078 rows
2025-06-27 08:30:18,713 - car_scraper - INFO - preprocess_dataframe:610 - Removing 2 columns with long names
2025-06-27 08:30:18,728 - car_scraper - INFO - preprocess_dataframe:745 - Dropped 48 rows with missing critical data
2025-06-27 08:30:18,731 - car_scraper - INFO - preprocess_dataframe:784 - Preprocessing complete. Rows: 1078 -> 1030
2025-06-27 08:30:18,732 - car_scraper - INFO - filter_dataframe:815 - 欠損値を含む行を削除しました。
2025-06-27 08:30:18,733 - car_scraper - INFO - process_by_carmaker:884 - Processing model: Aクラス
2025-06-27 08:30:18,764 - car_scraper - INFO - process_by_carmaker:945 - Saved output/20250627_Aクラス_withexpectedPrice.csv
2025-06-27 08:30:18,764 - car_scraper - INFO - process_by_carmaker:884 - Processing model: Cクラスステーションワゴン
2025-06-27 08:30:18,775 - car_scraper - INFO - process_by_carmaker:945 - Saved output/20250627_Cクラスステーションワゴン_withexpectedPrice.csv
2025-06-27 08:30:18,775 - car_scraper - INFO - process_by_carmaker:884 - Processing model: Cクラスセダン
2025-06-27 08:30:18,785 - car_scraper - INFO - process_by_carmaker:945 - Saved output/20250627_Cクラスセダン_withexpectedPrice.csv
2025-06-27 08:30:18,785 - car_scraper - INFO - process_by_carmaker:884 - Processing model: CLAクラス
2025-06-27 08:30:18,797 - car_scraper - INFO - process_by_carmaker:945 - Saved output/20250627_CLAクラス_withexpectedPrice.csv
2025-06-27 08:30:18,797 - car_scraper - INFO - process_by_carmaker:884 - Processing model: CLAクラスシューティングブレーク
2025-06-27 08:30:18,809 - car_scraper - INFO - process_by_carmaker:945 - Saved output/20250627_CLAクラスシューティングブレーク_withexpectedPrice.csv
2025-06-27 08:30:18,809 - car_scraper - INFO - process_by_carmaker:884 - Processing model: Gクラス
2025-06-27 08:30:18,821 - car_scraper - INFO - process_by_carmaker:945 - Saved output/20250627_Gクラス_withexpectedPrice.csv
2025-06-27 08:30:18,821 - car_scraper - INFO - process_by_carmaker:884 - Processing model: GLCクラス
2025-06-27 08:30:18,833 - car_scraper - INFO - process_by_carmaker:945 - Saved output/20250627_GLCクラス_withexpectedPrice.csv
2025-06-27 08:30:18,833 - car_scraper - INFO - process_by_carmaker:884 - Processing model: GLCクラスクーペ
2025-06-27 08:30:18,843 - car_scraper - INFO - process_by_carmaker:945 - Saved output/20250627_GLCクラスクーペ_withexpectedPrice.csv
2025-06-27 08:30:18,843 - car_scraper - INFO - process_by_carmaker:884 - Processing model: GLEクラス
2025-06-27 08:30:18,853 - car_scraper - INFO - process_by_carmaker:945 - Saved output/20250627_GLEクラス_withexpectedPrice.csv
2025-06-27 08:30:18,854 - car_scraper - INFO - process_by_carmaker:884 - Processing model: GT
2025-06-27 08:30:18,865 - car_scraper - INFO - process_by_carmaker:945 - Saved output/20250627_GT_withexpectedPrice.csv
2025-06-27 08:30:18,865 - car_scraper - INFO - process_by_carmaker:884 - Processing model: GTロードスター
2025-06-27 08:30:18,876 - car_scraper - INFO - process_by_carmaker:945 - Saved output/20250627_GTロードスター_withexpectedPrice.csv
2025-06-27 08:30:18,876 - car_scraper - INFO - process_by_carmaker:884 - Processing model: S AMG
2025-06-27 08:30:18,886 - car_scraper - INFO - process_by_carmaker:945 - Saved output/20250627_S AMG_withexpectedPrice.csv
2025-06-27 10:52:32,211 - car_scraper - INFO - load_and_filter_data:130 - Loading data from allmaker_url1016.csv
2025-06-27 10:52:32,273 - car_scraper - INFO - load_and_filter_data:173 - Successfully loaded 2716 records for 37 car makers
2025-06-27 10:52:32,273 - car_scraper - INFO - load_carmaker_config:1248 - Loaded 2 car maker indices from config/carmaker_selection.txt
2025-06-27 10:52:32,275 - car_scraper - INFO - process_by_carmaker:872 - Processing AMG
2025-06-27 10:52:32,275 - car_scraper - INFO - process_car_details:487 - Starting to process 96 URLs
2025-06-27 10:53:44,342 - car_scraper - WARNING - get_html:218 - HTTP error 404 for URL: https://kakaku.com/kuruma/used/spec/Maker=26/Model=31910/Generation=41701/UCGrade=29257/Page=1/
2025-06-27 10:53:44,344 - car_scraper - ERROR - get_html:238 - Failed to fetch URL after 3 attempts: https://kakaku.com/kuruma/used/spec/Maker=26/Model=31910/Generation=41701/UCGrade=29257/Page=1/
2025-06-27 10:53:44,344 - car_scraper - WARNING - process_car_details:524 - Failed to get HTML for: https://kakaku.com/kuruma/used/spec/Maker=26/Model=31910/Generation=41701/UCGrade=29257/Page=1/
2025-06-27 10:55:40,331 - car_scraper - WARNING - get_html:218 - HTTP error 404 for URL: https://kakaku.com/kuruma/used/spec/Maker=26/Model=31913/Generation=42313/UCGrade=64048/Page=1/
2025-06-27 10:55:40,332 - car_scraper - ERROR - get_html:238 - Failed to fetch URL after 3 attempts: https://kakaku.com/kuruma/used/spec/Maker=26/Model=31913/Generation=42313/UCGrade=64048/Page=1/
2025-06-27 10:55:40,332 - car_scraper - WARNING - process_car_details:524 - Failed to get HTML for: https://kakaku.com/kuruma/used/spec/Maker=26/Model=31913/Generation=42313/UCGrade=64048/Page=1/
2025-06-27 10:56:31,669 - car_scraper - WARNING - get_html:218 - HTTP error 404 for URL: https://kakaku.com/kuruma/used/spec/Maker=26/Model=31850/Generation=41612/UCGrade=26222/Page=1/
2025-06-27 10:56:31,670 - car_scraper - ERROR - get_html:238 - Failed to fetch URL after 3 attempts: https://kakaku.com/kuruma/used/spec/Maker=26/Model=31850/Generation=41612/UCGrade=26222/Page=1/
2025-06-27 10:56:31,670 - car_scraper - WARNING - process_car_details:524 - Failed to get HTML for: https://kakaku.com/kuruma/used/spec/Maker=26/Model=31850/Generation=41612/UCGrade=26222/Page=1/
2025-06-27 10:59:35,288 - car_scraper - WARNING - get_html:218 - HTTP error 404 for URL: https://kakaku.com/kuruma/used/spec/Maker=26/Model=33159/Generation=41889/UCGrade=34859/Page=1/
2025-06-27 10:59:35,289 - car_scraper - ERROR - get_html:238 - Failed to fetch URL after 3 attempts: https://kakaku.com/kuruma/used/spec/Maker=26/Model=33159/Generation=41889/UCGrade=34859/Page=1/
2025-06-27 10:59:35,289 - car_scraper - WARNING - process_car_details:524 - Failed to get HTML for: https://kakaku.com/kuruma/used/spec/Maker=26/Model=33159/Generation=41889/UCGrade=34859/Page=1/
2025-06-27 10:59:59,707 - car_scraper - WARNING - get_html:218 - HTTP error 404 for URL: https://kakaku.com/kuruma/used/spec/Maker=26/Model=33296/Generation=42128/UCGrade=48458/Page=1/
2025-06-27 10:59:59,708 - car_scraper - ERROR - get_html:238 - Failed to fetch URL after 3 attempts: https://kakaku.com/kuruma/used/spec/Maker=26/Model=33296/Generation=42128/UCGrade=48458/Page=1/
2025-06-27 10:59:59,708 - car_scraper - WARNING - process_car_details:524 - Failed to get HTML for: https://kakaku.com/kuruma/used/spec/Maker=26/Model=33296/Generation=42128/UCGrade=48458/Page=1/
2025-06-27 11:00:48,372 - car_scraper - INFO - process_car_details:581 - Processing complete. Success: 96, Failed: 0, Total items: 1078
2025-06-27 11:00:48,411 - car_scraper - INFO - preprocess_dataframe:604 - Starting preprocessing of DataFrame with 1078 rows
2025-06-27 11:00:48,412 - car_scraper - INFO - preprocess_dataframe:610 - Removing 2 columns with long names
2025-06-27 11:00:48,442 - car_scraper - INFO - preprocess_dataframe:745 - Dropped 48 rows with missing critical data
2025-06-27 11:00:48,447 - car_scraper - INFO - preprocess_dataframe:784 - Preprocessing complete. Rows: 1078 -> 1030
2025-06-27 11:00:48,452 - car_scraper - INFO - filter_dataframe:815 - 欠損値を含む行を削除しました。
2025-06-27 11:00:48,453 - car_scraper - INFO - process_by_carmaker:884 - Processing model: Aクラス
2025-06-27 11:00:48,502 - car_scraper - INFO - process_by_carmaker:945 - Saved output/20250627_Aクラス_withexpectedPrice.csv
2025-06-27 11:00:48,502 - car_scraper - INFO - process_by_carmaker:884 - Processing model: Cクラスステーションワゴン
2025-06-27 11:00:48,514 - car_scraper - INFO - process_by_carmaker:945 - Saved output/20250627_Cクラスステーションワゴン_withexpectedPrice.csv
2025-06-27 11:00:48,514 - car_scraper - INFO - process_by_carmaker:884 - Processing model: Cクラスセダン
2025-06-27 11:00:48,526 - car_scraper - INFO - process_by_carmaker:945 - Saved output/20250627_Cクラスセダン_withexpectedPrice.csv
2025-06-27 11:00:48,526 - car_scraper - INFO - process_by_carmaker:884 - Processing model: CLAクラス
2025-06-27 11:00:48,540 - car_scraper - INFO - process_by_carmaker:945 - Saved output/20250627_CLAクラス_withexpectedPrice.csv
2025-06-27 11:00:48,540 - car_scraper - INFO - process_by_carmaker:884 - Processing model: CLAクラスシューティングブレーク
2025-06-27 11:00:48,552 - car_scraper - INFO - process_by_carmaker:945 - Saved output/20250627_CLAクラスシューティングブレーク_withexpectedPrice.csv
2025-06-27 11:00:48,552 - car_scraper - INFO - process_by_carmaker:884 - Processing model: Gクラス
2025-06-27 11:00:48,567 - car_scraper - INFO - process_by_carmaker:945 - Saved output/20250627_Gクラス_withexpectedPrice.csv
2025-06-27 11:00:48,567 - car_scraper - INFO - process_by_carmaker:884 - Processing model: GLCクラス
2025-06-27 11:00:48,580 - car_scraper - INFO - process_by_carmaker:945 - Saved output/20250627_GLCクラス_withexpectedPrice.csv
2025-06-27 11:00:48,580 - car_scraper - INFO - process_by_carmaker:884 - Processing model: GLCクラスクーペ
2025-06-27 11:00:48,590 - car_scraper - INFO - process_by_carmaker:945 - Saved output/20250627_GLCクラスクーペ_withexpectedPrice.csv
2025-06-27 11:00:48,590 - car_scraper - INFO - process_by_carmaker:884 - Processing model: GLEクラス
2025-06-27 11:00:48,602 - car_scraper - INFO - process_by_carmaker:945 - Saved output/20250627_GLEクラス_withexpectedPrice.csv
2025-06-27 11:00:48,602 - car_scraper - INFO - process_by_carmaker:884 - Processing model: GT
2025-06-27 11:00:48,615 - car_scraper - INFO - process_by_carmaker:945 - Saved output/20250627_GT_withexpectedPrice.csv
2025-06-27 11:00:48,615 - car_scraper - INFO - process_by_carmaker:884 - Processing model: GTロードスター
2025-06-27 11:00:48,626 - car_scraper - INFO - process_by_carmaker:945 - Saved output/20250627_GTロードスター_withexpectedPrice.csv
2025-06-27 11:00:48,626 - car_scraper - INFO - process_by_carmaker:884 - Processing model: S AMG
2025-06-27 11:00:48,637 - car_scraper - INFO - process_by_carmaker:945 - Saved output/20250627_S AMG_withexpectedPrice.csv
2025-06-27 11:34:23,159 - car_scraper - INFO - load_and_filter_data:130 - Loading data from allmaker_url1016.csv
2025-06-27 11:34:23,195 - car_scraper - INFO - load_and_filter_data:173 - Successfully loaded 2716 records for 37 car makers
2025-06-27 11:34:23,196 - car_scraper - INFO - list_available_carmakers:1068 - Found 37 car makers
2025-06-27 11:35:47,136 - car_scraper - INFO - load_and_filter_data:130 - Loading data from allmaker_url1016.csv
2025-06-27 11:35:47,249 - car_scraper - INFO - load_and_filter_data:173 - Successfully loaded 2716 records for 37 car makers
2025-06-27 11:35:47,250 - car_scraper - INFO - list_available_carmakers:1068 - Found 37 car makers
2025-06-27 11:35:47,253 - car_scraper - INFO - list_available_carmakers:1068 - Found 37 car makers
2025-06-27 11:35:47,255 - car_scraper - INFO - list_available_carmakers:1068 - Found 37 car makers
2025-06-27 11:35:47,257 - car_scraper - INFO - list_available_carmakers:1068 - Found 37 car makers
2025-06-27 11:35:47,269 - car_scraper - INFO - list_available_carmakers:1068 - Found 37 car makers
2025-06-27 11:35:47,271 - car_scraper - INFO - list_available_carmakers:1068 - Found 37 car makers
2025-06-27 11:35:47,272 - car_scraper - INFO - list_available_carmakers:1068 - Found 37 car makers
2025-06-27 11:35:47,274 - car_scraper - INFO - list_available_carmakers:1068 - Found 37 car makers
2025-06-27 11:35:47,279 - car_scraper - INFO - list_available_carmakers:1068 - Found 37 car makers
2025-06-27 11:35:47,280 - car_scraper - INFO - load_carmaker_config:1248 - Loaded 0 car maker indices from config/carmaker_selection.txt
2025-06-27 11:36:02,666 - car_scraper - INFO - load_carmaker_config:1248 - Loaded 11 car maker indices from config/carmaker_selection.txt
2025-06-27 11:38:58,500 - car_scraper - INFO - load_and_filter_data:130 - Loading data from allmaker_url1016.csv
2025-06-27 11:38:58,532 - car_scraper - INFO - load_and_filter_data:173 - Successfully loaded 2716 records for 37 car makers
2025-06-27 11:38:58,533 - car_scraper - INFO - list_available_carmakers:1068 - Found 37 car makers
2025-06-27 11:38:58,535 - car_scraper - INFO - list_available_carmakers:1068 - Found 37 car makers
2025-06-27 11:38:58,536 - car_scraper - INFO - list_available_carmakers:1068 - Found 37 car makers
2025-06-27 11:38:58,537 - car_scraper - INFO - list_available_carmakers:1068 - Found 37 car makers
2025-06-27 11:38:58,538 - car_scraper - INFO - list_available_carmakers:1068 - Found 37 car makers
2025-06-27 11:38:58,539 - car_scraper - INFO - list_available_carmakers:1068 - Found 37 car makers
2025-06-27 11:38:58,539 - car_scraper - INFO - list_available_carmakers:1068 - Found 37 car makers
2025-06-27 11:38:58,540 - car_scraper - INFO - list_available_carmakers:1068 - Found 37 car makers
2025-06-27 11:38:58,540 - car_scraper - INFO - list_available_carmakers:1068 - Found 37 car makers
2025-06-27 11:38:58,541 - car_scraper - INFO - load_carmaker_config:1248 - Loaded 0 car maker indices from config/carmaker_selection.txt
2025-06-27 11:39:53,875 - car_scraper - INFO - load_carmaker_config:1248 - Loaded 9 car maker indices from config/carmaker_selection.txt
2025-06-27 11:40:15,026 - car_scraper - INFO - load_and_filter_data:130 - Loading data from allmaker_url1016.csv
2025-06-27 11:40:15,066 - car_scraper - INFO - load_and_filter_data:173 - Successfully loaded 2716 records for 37 car makers
2025-06-27 11:40:15,067 - car_scraper - INFO - load_carmaker_config:1248 - Loaded 9 car maker indices from config/carmaker_selection.txt
2025-06-27 11:40:15,068 - car_scraper - INFO - process_by_carmaker:872 - Processing スズキ
2025-06-27 11:40:15,068 - car_scraper - INFO - process_car_details:487 - Starting to process 10 URLs
2025-06-27 12:05:07,931 - car_scraper - INFO - process_car_details:581 - Processing complete. Success: 10, Failed: 0, Total items: 3728
2025-06-27 12:05:08,130 - car_scraper - INFO - preprocess_dataframe:604 - Starting preprocessing of DataFrame with 3728 rows
2025-06-27 12:05:08,130 - car_scraper - INFO - preprocess_dataframe:610 - Removing 2 columns with long names
2025-06-27 12:05:08,179 - car_scraper - INFO - preprocess_dataframe:745 - Dropped 9 rows with missing critical data
2025-06-27 12:05:08,185 - car_scraper - INFO - preprocess_dataframe:784 - Preprocessing complete. Rows: 3728 -> 3719
2025-06-27 12:05:08,192 - car_scraper - INFO - filter_dataframe:815 - 欠損値を含む行を削除しました。
2025-06-27 12:05:08,193 - car_scraper - INFO - process_by_carmaker:884 - Processing model: ジムニー
2025-06-27 12:05:08,318 - car_scraper - INFO - process_by_carmaker:945 - Saved output/20250627_ジムニー_withexpectedPrice.csv
2025-06-27 12:05:08,318 - car_scraper - INFO - process_by_carmaker:884 - Processing model: ジムニーシエラ
2025-06-27 12:05:08,515 - car_scraper - INFO - process_by_carmaker:945 - Saved output/20250627_ジムニーシエラ_withexpectedPrice.csv
2025-06-27 12:17:29,357 - car_scraper - INFO - load_and_filter_data:130 - Loading data from allmaker_url1016.csv
2025-06-27 12:17:29,408 - car_scraper - INFO - load_and_filter_data:173 - Successfully loaded 2716 records for 37 car makers
2025-06-27 12:17:29,408 - car_scraper - INFO - load_carmaker_config:1248 - Loaded 9 car maker indices from config/carmaker_selection.txt
2025-06-27 12:17:29,410 - car_scraper - INFO - process_by_carmaker:872 - Processing スズキ
2025-06-27 12:17:29,410 - car_scraper - INFO - process_car_details:487 - Starting to process 10 URLs
2025-06-27 12:43:11,900 - car_scraper - INFO - process_car_details:581 - Processing complete. Success: 10, Failed: 0, Total items: 3728
2025-06-27 12:43:12,014 - car_scraper - INFO - preprocess_dataframe:604 - Starting preprocessing of DataFrame with 3728 rows
2025-06-27 12:43:12,014 - car_scraper - INFO - preprocess_dataframe:610 - Removing 2 columns with long names
2025-06-27 12:43:12,065 - car_scraper - INFO - preprocess_dataframe:745 - Dropped 9 rows with missing critical data
2025-06-27 12:43:12,072 - car_scraper - INFO - preprocess_dataframe:784 - Preprocessing complete. Rows: 3728 -> 3719
2025-06-27 12:43:12,079 - car_scraper - INFO - filter_dataframe:815 - 欠損値を含む行を削除しました。
2025-06-27 12:43:12,080 - car_scraper - INFO - process_by_carmaker:884 - Processing model: ジムニー
2025-06-27 12:43:12,195 - car_scraper - INFO - process_by_carmaker:945 - Saved output/20250627_ジムニー_withexpectedPrice.csv
2025-06-27 12:43:12,195 - car_scraper - INFO - process_by_carmaker:884 - Processing model: ジムニーシエラ
2025-06-27 12:43:12,484 - car_scraper - INFO - process_by_carmaker:945 - Saved output/20250627_ジムニーシエラ_withexpectedPrice.csv
2025-06-27 12:43:12,484 - car_scraper - INFO - process_by_carmaker:872 - Processing スバル
2025-06-27 12:43:12,484 - car_scraper - INFO - process_car_details:487 - Starting to process 85 URLs
2025-06-27 13:05:12,630 - car_scraper - WARNING - get_html:218 - HTTP error 404 for URL: https://kakaku.com/kuruma/used/spec/Maker=6/Model=31675/Generation=41813/UCGrade=33478/Page=1/
2025-06-27 13:05:12,632 - car_scraper - ERROR - get_html:238 - Failed to fetch URL after 3 attempts: https://kakaku.com/kuruma/used/spec/Maker=6/Model=31675/Generation=41813/UCGrade=33478/Page=1/
2025-06-27 13:05:12,632 - car_scraper - WARNING - process_car_details:524 - Failed to get HTML for: https://kakaku.com/kuruma/used/spec/Maker=6/Model=31675/Generation=41813/UCGrade=33478/Page=1/
2025-06-27 13:05:15,395 - car_scraper - WARNING - get_html:218 - HTTP error 404 for URL: https://kakaku.com/kuruma/used/spec/Maker=6/Model=31675/Generation=41813/UCGrade=43704/Page=1/
2025-06-27 13:05:15,395 - car_scraper - ERROR - get_html:238 - Failed to fetch URL after 3 attempts: https://kakaku.com/kuruma/used/spec/Maker=6/Model=31675/Generation=41813/UCGrade=43704/Page=1/
2025-06-27 13:05:15,396 - car_scraper - WARNING - process_car_details:524 - Failed to get HTML for: https://kakaku.com/kuruma/used/spec/Maker=6/Model=31675/Generation=41813/UCGrade=43704/Page=1/
2025-06-27 13:06:33,963 - car_scraper - WARNING - get_html:218 - HTTP error 404 for URL: https://kakaku.com/kuruma/used/spec/Maker=6/Model=31823/Generation=41009/UCGrade=22141/Page=1/
2025-06-27 13:06:33,964 - car_scraper - ERROR - get_html:238 - Failed to fetch URL after 3 attempts: https://kakaku.com/kuruma/used/spec/Maker=6/Model=31823/Generation=41009/UCGrade=22141/Page=1/
2025-06-27 13:06:33,964 - car_scraper - WARNING - process_car_details:524 - Failed to get HTML for: https://kakaku.com/kuruma/used/spec/Maker=6/Model=31823/Generation=41009/UCGrade=22141/Page=1/
2025-06-27 13:07:08,100 - car_scraper - INFO - process_car_details:581 - Processing complete. Success: 85, Failed: 0, Total items: 3548
2025-06-27 13:07:08,184 - car_scraper - INFO - preprocess_dataframe:604 - Starting preprocessing of DataFrame with 3548 rows
2025-06-27 13:07:08,184 - car_scraper - INFO - preprocess_dataframe:610 - Removing 2 columns with long names
2025-06-27 13:07:08,220 - car_scraper - INFO - preprocess_dataframe:745 - Dropped 3 rows with missing critical data
2025-06-27 13:07:08,229 - car_scraper - INFO - preprocess_dataframe:784 - Preprocessing complete. Rows: 3548 -> 3545
2025-06-27 13:07:08,237 - car_scraper - INFO - filter_dataframe:815 - 欠損値を含む行を削除しました。
2025-06-27 13:07:08,239 - car_scraper - INFO - process_by_carmaker:884 - Processing model: レヴォーグ
2025-06-27 13:07:09,766 - car_scraper - INFO - process_by_carmaker:945 - Saved output/20250627_レヴォーグ_withexpectedPrice.csv
2025-06-27 13:07:09,766 - car_scraper - INFO - process_by_carmaker:884 - Processing model: BRZ
2025-06-27 13:07:10,054 - car_scraper - INFO - process_by_carmaker:945 - Saved output/20250627_BRZ_withexpectedPrice.csv
2025-06-27 13:07:10,054 - car_scraper - INFO - process_by_carmaker:884 - Processing model: WRXS4
2025-06-27 13:07:10,114 - car_scraper - INFO - process_by_carmaker:945 - Saved output/20250627_WRXS4_withexpectedPrice.csv
2025-06-27 13:07:10,114 - car_scraper - INFO - process_by_carmaker:884 - Processing model: WRXSTI
2025-06-27 13:07:10,168 - car_scraper - INFO - process_by_carmaker:945 - Saved output/20250627_WRXSTI_withexpectedPrice.csv
2025-06-27 13:07:10,168 - car_scraper - INFO - process_by_carmaker:884 - Processing model: WRXSTI5door
2025-06-27 13:07:10,234 - car_scraper - INFO - process_by_carmaker:945 - Saved output/20250627_WRXSTI5door_withexpectedPrice.csv
2025-06-27 13:07:10,235 - car_scraper - INFO - process_by_carmaker:872 - Processing ダイハツ
2025-06-27 13:07:10,235 - car_scraper - INFO - process_car_details:487 - Starting to process 2 URLs
2025-06-27 13:08:41,208 - car_scraper - INFO - process_car_details:581 - Processing complete. Success: 2, Failed: 0, Total items: 242
2025-06-27 13:08:41,217 - car_scraper - INFO - preprocess_dataframe:604 - Starting preprocessing of DataFrame with 242 rows
2025-06-27 13:08:41,217 - car_scraper - INFO - preprocess_dataframe:610 - Removing 2 columns with long names
2025-06-27 13:08:41,222 - car_scraper - ERROR - preprocess_dataframe:789 - Error in preprocessing DataFrame: '<' not supported between instances of 'str' and 'int'
2025-06-27 13:08:41,227 - car_scraper - INFO - filter_dataframe:815 - 欠損値を含む行を削除しました。
2025-06-27 13:08:41,228 - car_scraper - INFO - process_by_carmaker:884 - Processing model: コペンGRSPORT
2025-06-27 13:08:41,243 - car_scraper - INFO - process_by_carmaker:945 - Saved output/20250627_コペンGRSPORT_withexpectedPrice.csv
2025-06-27 13:08:41,243 - car_scraper - INFO - process_by_carmaker:872 - Processing トヨタ
2025-06-27 13:08:41,243 - car_scraper - INFO - process_car_details:487 - Starting to process 496 URLs
2025-06-27 13:57:09,895 - car_scraper - WARNING - get_html:218 - HTTP error 404 for URL: https://kakaku.com/kuruma/used/spec/Maker=1/Model=30031/Generation=41871/UCGrade=34003/Page=1/
2025-06-27 13:57:09,896 - car_scraper - ERROR - get_html:238 - Failed to fetch URL after 3 attempts: https://kakaku.com/kuruma/used/spec/Maker=1/Model=30031/Generation=41871/UCGrade=34003/Page=1/
2025-06-27 13:57:09,897 - car_scraper - WARNING - process_car_details:524 - Failed to get HTML for: https://kakaku.com/kuruma/used/spec/Maker=1/Model=30031/Generation=41871/UCGrade=34003/Page=1/
2025-06-27 14:08:45,219 - car_scraper - WARNING - get_html:218 - HTTP error 404 for URL: https://kakaku.com/kuruma/used/spec/Maker=1/Model=30031/Generation=40767/UCGrade=18766/Page=1/
2025-06-27 14:08:45,221 - car_scraper - ERROR - get_html:238 - Failed to fetch URL after 3 attempts: https://kakaku.com/kuruma/used/spec/Maker=1/Model=30031/Generation=40767/UCGrade=18766/Page=1/
2025-06-27 14:08:45,221 - car_scraper - WARNING - process_car_details:524 - Failed to get HTML for: https://kakaku.com/kuruma/used/spec/Maker=1/Model=30031/Generation=40767/UCGrade=18766/Page=1/
2025-06-27 14:08:46,440 - car_scraper - WARNING - get_html:218 - HTTP error 404 for URL: https://kakaku.com/kuruma/used/spec/Maker=1/Model=30031/Generation=40767/UCGrade=18747/Page=1/
2025-06-27 14:08:46,440 - car_scraper - ERROR - get_html:238 - Failed to fetch URL after 3 attempts: https://kakaku.com/kuruma/used/spec/Maker=1/Model=30031/Generation=40767/UCGrade=18747/Page=1/
2025-06-27 14:08:46,440 - car_scraper - WARNING - process_car_details:524 - Failed to get HTML for: https://kakaku.com/kuruma/used/spec/Maker=1/Model=30031/Generation=40767/UCGrade=18747/Page=1/
2025-06-27 14:09:09,002 - car_scraper - WARNING - get_html:218 - HTTP error 404 for URL: https://kakaku.com/kuruma/used/spec/Maker=1/Model=30031/Generation=40767/UCGrade=18767/Page=1/
2025-06-27 14:09:09,003 - car_scraper - ERROR - get_html:238 - Failed to fetch URL after 3 attempts: https://kakaku.com/kuruma/used/spec/Maker=1/Model=30031/Generation=40767/UCGrade=18767/Page=1/
2025-06-27 14:09:09,003 - car_scraper - WARNING - process_car_details:524 - Failed to get HTML for: https://kakaku.com/kuruma/used/spec/Maker=1/Model=30031/Generation=40767/UCGrade=18767/Page=1/
2025-06-27 14:10:12,789 - car_scraper - WARNING - get_html:218 - HTTP error 404 for URL: https://kakaku.com/kuruma/used/spec/Maker=1/Model=30031/Generation=40767/UCGrade=26086/Page=1/
2025-06-27 14:10:12,791 - car_scraper - ERROR - get_html:238 - Failed to fetch URL after 3 attempts: https://kakaku.com/kuruma/used/spec/Maker=1/Model=30031/Generation=40767/UCGrade=26086/Page=1/
2025-06-27 14:10:12,791 - car_scraper - WARNING - process_car_details:524 - Failed to get HTML for: https://kakaku.com/kuruma/used/spec/Maker=1/Model=30031/Generation=40767/UCGrade=26086/Page=1/
2025-06-27 14:10:34,884 - car_scraper - WARNING - get_html:218 - HTTP error 404 for URL: https://kakaku.com/kuruma/used/spec/Maker=1/Model=30031/Generation=40767/UCGrade=26088/Page=1/
2025-06-27 14:10:34,885 - car_scraper - ERROR - get_html:238 - Failed to fetch URL after 3 attempts: https://kakaku.com/kuruma/used/spec/Maker=1/Model=30031/Generation=40767/UCGrade=26088/Page=1/
2025-06-27 14:10:34,885 - car_scraper - WARNING - process_car_details:524 - Failed to get HTML for: https://kakaku.com/kuruma/used/spec/Maker=1/Model=30031/Generation=40767/UCGrade=26088/Page=1/
2025-06-27 15:16:10,895 - car_scraper - WARNING - get_html:218 - HTTP error 404 for URL: https://kakaku.com/kuruma/used/spec/Maker=1/Model=30022/Generation=40766/UCGrade=18714/Page=1/
2025-06-27 15:16:10,898 - car_scraper - ERROR - get_html:238 - Failed to fetch URL after 3 attempts: https://kakaku.com/kuruma/used/spec/Maker=1/Model=30022/Generation=40766/UCGrade=18714/Page=1/
2025-06-27 15:16:10,898 - car_scraper - WARNING - process_car_details:524 - Failed to get HTML for: https://kakaku.com/kuruma/used/spec/Maker=1/Model=30022/Generation=40766/UCGrade=18714/Page=1/
2025-06-27 15:16:12,822 - car_scraper - WARNING - get_html:218 - HTTP error 404 for URL: https://kakaku.com/kuruma/used/spec/Maker=1/Model=30022/Generation=40766/UCGrade=18731/Page=1/
2025-06-27 15:16:12,822 - car_scraper - ERROR - get_html:238 - Failed to fetch URL after 3 attempts: https://kakaku.com/kuruma/used/spec/Maker=1/Model=30022/Generation=40766/UCGrade=18731/Page=1/
2025-06-27 15:16:12,823 - car_scraper - WARNING - process_car_details:524 - Failed to get HTML for: https://kakaku.com/kuruma/used/spec/Maker=1/Model=30022/Generation=40766/UCGrade=18731/Page=1/
2025-06-27 15:16:30,958 - car_scraper - WARNING - get_html:218 - HTTP error 404 for URL: https://kakaku.com/kuruma/used/spec/Maker=1/Model=30022/Generation=40766/UCGrade=28240/Page=1/
2025-06-27 15:16:30,959 - car_scraper - ERROR - get_html:238 - Failed to fetch URL after 3 attempts: https://kakaku.com/kuruma/used/spec/Maker=1/Model=30022/Generation=40766/UCGrade=28240/Page=1/
2025-06-27 15:16:30,959 - car_scraper - WARNING - process_car_details:524 - Failed to get HTML for: https://kakaku.com/kuruma/used/spec/Maker=1/Model=30022/Generation=40766/UCGrade=28240/Page=1/
2025-06-27 15:17:14,965 - car_scraper - WARNING - get_html:218 - HTTP error 404 for URL: https://kakaku.com/kuruma/used/spec/Maker=1/Model=30022/Generation=40766/UCGrade=26077/Page=1/
2025-06-27 15:17:14,966 - car_scraper - ERROR - get_html:238 - Failed to fetch URL after 3 attempts: https://kakaku.com/kuruma/used/spec/Maker=1/Model=30022/Generation=40766/UCGrade=26077/Page=1/
2025-06-27 15:17:14,966 - car_scraper - WARNING - process_car_details:524 - Failed to get HTML for: https://kakaku.com/kuruma/used/spec/Maker=1/Model=30022/Generation=40766/UCGrade=26077/Page=1/
2025-06-27 15:26:25,068 - car_scraper - WARNING - get_html:218 - HTTP error 404 for URL: https://kakaku.com/kuruma/used/spec/Maker=1/Model=30068/Generation=42199/UCGrade=49208/Page=1/
2025-06-27 15:26:25,070 - car_scraper - ERROR - get_html:238 - Failed to fetch URL after 3 attempts: https://kakaku.com/kuruma/used/spec/Maker=1/Model=30068/Generation=42199/UCGrade=49208/Page=1/
2025-06-27 15:26:25,070 - car_scraper - WARNING - process_car_details:524 - Failed to get HTML for: https://kakaku.com/kuruma/used/spec/Maker=1/Model=30068/Generation=42199/UCGrade=49208/Page=1/
2025-06-27 15:34:59,117 - car_scraper - WARNING - get_html:218 - HTTP error 404 for URL: https://kakaku.com/kuruma/used/spec/Maker=1/Model=30069/Generation=41630/UCGrade=31103/Page=1/
2025-06-27 15:34:59,118 - car_scraper - ERROR - get_html:238 - Failed to fetch URL after 3 attempts: https://kakaku.com/kuruma/used/spec/Maker=1/Model=30069/Generation=41630/UCGrade=31103/Page=1/
2025-06-27 15:34:59,118 - car_scraper - WARNING - process_car_details:524 - Failed to get HTML for: https://kakaku.com/kuruma/used/spec/Maker=1/Model=30069/Generation=41630/UCGrade=31103/Page=1/
2025-06-27 16:26:10,675 - car_scraper - WARNING - get_html:218 - HTTP error 404 for URL: https://kakaku.com/kuruma/used/spec/Maker=1/Model=30154/Generation=41731/UCGrade=34929/Page=1/
2025-06-27 16:26:10,677 - car_scraper - ERROR - get_html:238 - Failed to fetch URL after 3 attempts: https://kakaku.com/kuruma/used/spec/Maker=1/Model=30154/Generation=41731/UCGrade=34929/Page=1/
2025-06-27 16:26:10,678 - car_scraper - WARNING - process_car_details:524 - Failed to get HTML for: https://kakaku.com/kuruma/used/spec/Maker=1/Model=30154/Generation=41731/UCGrade=34929/Page=1/
2025-06-27 16:40:32,265 - car_scraper - WARNING - get_html:218 - HTTP error 404 for URL: https://kakaku.com/kuruma/used/spec/Maker=1/Model=31761/Generation=41546/UCGrade=32611/Page=1/
2025-06-27 16:40:32,266 - car_scraper - ERROR - get_html:238 - Failed to fetch URL after 3 attempts: https://kakaku.com/kuruma/used/spec/Maker=1/Model=31761/Generation=41546/UCGrade=32611/Page=1/
2025-06-27 16:40:32,266 - car_scraper - WARNING - process_car_details:524 - Failed to get HTML for: https://kakaku.com/kuruma/used/spec/Maker=1/Model=31761/Generation=41546/UCGrade=32611/Page=1/
2025-06-27 16:45:39,223 - car_scraper - WARNING - get_html:218 - HTTP error 404 for URL: https://kakaku.com/kuruma/used/spec/Maker=1/Model=31761/Generation=41546/UCGrade=35921/Page=1/
2025-06-27 16:45:39,225 - car_scraper - ERROR - get_html:238 - Failed to fetch URL after 3 attempts: https://kakaku.com/kuruma/used/spec/Maker=1/Model=31761/Generation=41546/UCGrade=35921/Page=1/
2025-06-27 16:45:39,225 - car_scraper - WARNING - process_car_details:524 - Failed to get HTML for: https://kakaku.com/kuruma/used/spec/Maker=1/Model=31761/Generation=41546/UCGrade=35921/Page=1/
2025-06-27 16:46:08,522 - car_scraper - WARNING - get_html:218 - HTTP error 404 for URL: https://kakaku.com/kuruma/used/spec/Maker=1/Model=31761/Generation=41546/UCGrade=32613/Page=1/
2025-06-27 16:46:08,523 - car_scraper - ERROR - get_html:238 - Failed to fetch URL after 3 attempts: https://kakaku.com/kuruma/used/spec/Maker=1/Model=31761/Generation=41546/UCGrade=32613/Page=1/
2025-06-27 16:46:08,523 - car_scraper - WARNING - process_car_details:524 - Failed to get HTML for: https://kakaku.com/kuruma/used/spec/Maker=1/Model=31761/Generation=41546/UCGrade=32613/Page=1/
2025-06-27 16:47:28,415 - car_scraper - WARNING - get_html:214 - Connection error for URL: https://kakaku.com/kuruma/used/item/38038649/ (attempt 1)
2025-06-27 16:47:34,187 - car_scraper - WARNING - get_html:218 - HTTP error 404 for URL: https://kakaku.com/kuruma/used/spec/Maker=1/Model=31761/Generation=41546/UCGrade=32615/Page=1/
2025-06-27 16:47:34,187 - car_scraper - ERROR - get_html:238 - Failed to fetch URL after 3 attempts: https://kakaku.com/kuruma/used/spec/Maker=1/Model=31761/Generation=41546/UCGrade=32615/Page=1/
2025-06-27 16:47:34,187 - car_scraper - WARNING - process_car_details:524 - Failed to get HTML for: https://kakaku.com/kuruma/used/spec/Maker=1/Model=31761/Generation=41546/UCGrade=32615/Page=1/
2025-06-27 16:47:44,069 - car_scraper - WARNING - get_html:218 - HTTP error 404 for URL: https://kakaku.com/kuruma/used/spec/Maker=1/Model=31761/Generation=41546/UCGrade=30757/Page=1/
2025-06-27 16:47:44,070 - car_scraper - ERROR - get_html:238 - Failed to fetch URL after 3 attempts: https://kakaku.com/kuruma/used/spec/Maker=1/Model=31761/Generation=41546/UCGrade=30757/Page=1/
2025-06-27 16:47:44,070 - car_scraper - WARNING - process_car_details:524 - Failed to get HTML for: https://kakaku.com/kuruma/used/spec/Maker=1/Model=31761/Generation=41546/UCGrade=30757/Page=1/
2025-06-27 16:50:21,859 - car_scraper - WARNING - get_html:214 - Connection error for URL: https://kakaku.com/kuruma/used/item/37870686/ (attempt 1)
2025-06-27 16:58:30,150 - urllib3.connectionpool - WARNING - urlopen:868 - Retrying (Retry(total=2, connect=None, read=None, redirect=None, status=None)) after connection broken by 'ReadTimeoutError("HTTPSConnectionPool(host='kakaku.com', port=443): Read timed out. (read timeout=30)")': /kuruma/used/item/37349491/
2025-06-27 17:08:20,570 - car_scraper - WARNING - get_html:218 - HTTP error 404 for URL: https://kakaku.com/kuruma/used/spec/Maker=1/Model=33435/Generation=42442/UCGrade=59892/Page=1/
2025-06-27 17:08:20,571 - car_scraper - ERROR - get_html:238 - Failed to fetch URL after 3 attempts: https://kakaku.com/kuruma/used/spec/Maker=1/Model=33435/Generation=42442/UCGrade=59892/Page=1/
2025-06-27 17:08:20,571 - car_scraper - WARNING - process_car_details:524 - Failed to get HTML for: https://kakaku.com/kuruma/used/spec/Maker=1/Model=33435/Generation=42442/UCGrade=59892/Page=1/
2025-06-27 17:08:22,143 - car_scraper - WARNING - get_html:218 - HTTP error 404 for URL: https://kakaku.com/kuruma/used/spec/Maker=1/Model=33435/Generation=42442/UCGrade=63566/Page=1/
2025-06-27 17:08:22,144 - car_scraper - ERROR - get_html:238 - Failed to fetch URL after 3 attempts: https://kakaku.com/kuruma/used/spec/Maker=1/Model=33435/Generation=42442/UCGrade=63566/Page=1/
2025-06-27 17:08:22,144 - car_scraper - WARNING - process_car_details:524 - Failed to get HTML for: https://kakaku.com/kuruma/used/spec/Maker=1/Model=33435/Generation=42442/UCGrade=63566/Page=1/
2025-06-27 17:09:18,222 - car_scraper - INFO - process_car_details:581 - Processing complete. Success: 496, Failed: 0, Total items: 29154
2025-06-27 17:09:19,424 - car_scraper - INFO - preprocess_dataframe:604 - Starting preprocessing of DataFrame with 29154 rows
2025-06-27 17:09:19,425 - car_scraper - INFO - preprocess_dataframe:610 - Removing 2 columns with long names
2025-06-27 17:09:19,709 - car_scraper - INFO - preprocess_dataframe:745 - Dropped 119 rows with missing critical data
2025-06-27 17:09:19,772 - car_scraper - INFO - preprocess_dataframe:784 - Preprocessing complete. Rows: 29154 -> 29035
2025-06-27 17:09:19,806 - car_scraper - INFO - filter_dataframe:815 - 欠損値を含む行を削除しました。
2025-06-27 17:09:19,808 - car_scraper - INFO - process_by_carmaker:884 - Processing model: ランドクルーザー
2025-06-27 17:09:19,858 - car_scraper - INFO - process_by_carmaker:945 - Saved output/20250627_ランドクルーザー_withexpectedPrice.csv
2025-06-27 17:09:19,858 - car_scraper - INFO - process_by_carmaker:884 - Processing model: ランドクルーザープラド
2025-06-27 17:09:21,686 - car_scraper - INFO - process_by_carmaker:945 - Saved output/20250627_ランドクルーザープラド_withexpectedPrice.csv
2025-06-27 17:09:21,686 - car_scraper - INFO - process_by_carmaker:884 - Processing model: ランドクルーザー250
2025-06-27 17:09:21,736 - car_scraper - INFO - process_by_carmaker:945 - Saved output/20250627_ランドクルーザー250_withexpectedPrice.csv
2025-06-27 17:09:21,737 - car_scraper - INFO - process_by_carmaker:884 - Processing model: ランドクルーザー70
2025-06-27 17:09:21,778 - car_scraper - INFO - process_by_carmaker:945 - Saved output/20250627_ランドクルーザー70_withexpectedPrice.csv
2025-06-27 17:09:21,778 - car_scraper - INFO - process_by_carmaker:884 - Processing model: ヴェルファイア
2025-06-27 17:09:23,684 - car_scraper - INFO - process_by_carmaker:945 - Saved output/20250627_ヴェルファイア_withexpectedPrice.csv
2025-06-27 17:09:23,684 - car_scraper - INFO - process_by_carmaker:884 - Processing model: アルファード
2025-06-27 17:09:25,745 - car_scraper - INFO - process_by_carmaker:945 - Saved output/20250627_アルファード_withexpectedPrice.csv
2025-06-27 17:09:25,745 - car_scraper - INFO - process_by_carmaker:884 - Processing model: クラウン
2025-06-27 17:09:27,301 - car_scraper - INFO - process_by_carmaker:945 - Saved output/20250627_クラウン_withexpectedPrice.csv
2025-06-27 17:09:27,301 - car_scraper - INFO - process_by_carmaker:884 - Processing model: クラウンアスリート
2025-06-27 17:09:29,139 - car_scraper - INFO - process_by_carmaker:945 - Saved output/20250627_クラウンアスリート_withexpectedPrice.csv
2025-06-27 17:09:29,139 - car_scraper - INFO - process_by_carmaker:884 - Processing model: ハリアー
2025-06-27 17:09:31,847 - car_scraper - INFO - process_by_carmaker:945 - Saved output/20250627_ハリアー_withexpectedPrice.csv
2025-06-27 17:09:31,847 - car_scraper - INFO - process_by_carmaker:884 - Processing model: ハイラックス
2025-06-27 17:09:31,911 - car_scraper - INFO - process_by_carmaker:945 - Saved output/20250627_ハイラックス_withexpectedPrice.csv
2025-06-27 17:09:31,911 - car_scraper - INFO - process_by_carmaker:884 - Processing model: スープラ
2025-06-27 17:09:31,928 - car_scraper - INFO - process_by_carmaker:945 - Saved output/20250627_スープラ_withexpectedPrice.csv
2025-06-27 17:09:31,928 - car_scraper - INFO - process_by_carmaker:884 - Processing model: 86
2025-06-27 17:09:31,996 - car_scraper - INFO - process_by_carmaker:945 - Saved output/20250627_86_withexpectedPrice.csv
2025-06-27 17:09:31,996 - car_scraper - INFO - process_by_carmaker:884 - Processing model: FJクルーザー
2025-06-27 17:09:32,118 - car_scraper - INFO - process_by_carmaker:945 - Saved output/20250627_FJクルーザー_withexpectedPrice.csv
2025-06-27 17:09:32,118 - car_scraper - INFO - process_by_carmaker:884 - Processing model: GRヤリス
2025-06-27 17:09:32,151 - car_scraper - INFO - process_by_carmaker:945 - Saved output/20250627_GRヤリス_withexpectedPrice.csv
2025-06-27 17:09:32,151 - car_scraper - INFO - process_by_carmaker:884 - Processing model: GRカローラ
2025-06-27 17:09:32,217 - car_scraper - INFO - process_by_carmaker:945 - Saved output/20250627_GRカローラ_withexpectedPrice.csv
2025-06-27 17:09:32,217 - car_scraper - INFO - process_by_carmaker:884 - Processing model: GR 86
2025-06-27 17:09:32,247 - car_scraper - INFO - process_by_carmaker:945 - Saved output/20250627_GR 86_withexpectedPrice.csv
2025-06-27 17:09:32,248 - car_scraper - INFO - process_by_carmaker:872 - Processing ホンダ
2025-06-27 17:09:32,248 - car_scraper - INFO - process_car_details:487 - Starting to process 69 URLs
2025-06-27 17:12:06,334 - urllib3.connectionpool - WARNING - urlopen:868 - Retrying (Retry(total=2, connect=None, read=None, redirect=None, status=None)) after connection broken by 'ReadTimeoutError("HTTPSConnectionPool(host='kakaku.com', port=443): Read timed out. (read timeout=30)")': /kuruma/used/item/37722065/
2025-06-27 17:23:15,775 - car_scraper - WARNING - get_html:218 - HTTP error 404 for URL: https://kakaku.com/kuruma/used/spec/Maker=2/Model=30196/Generation=42190/UCGrade=52209/Page=1/
2025-06-27 17:23:15,776 - car_scraper - ERROR - get_html:238 - Failed to fetch URL after 3 attempts: https://kakaku.com/kuruma/used/spec/Maker=2/Model=30196/Generation=42190/UCGrade=52209/Page=1/
2025-06-27 17:23:15,777 - car_scraper - WARNING - process_car_details:524 - Failed to get HTML for: https://kakaku.com/kuruma/used/spec/Maker=2/Model=30196/Generation=42190/UCGrade=52209/Page=1/
2025-06-27 17:24:29,337 - car_scraper - WARNING - get_html:218 - HTTP error 404 for URL: https://kakaku.com/kuruma/used/spec/Maker=2/Model=30196/Generation=40109/UCGrade=12088/Page=1/
2025-06-27 17:24:29,338 - car_scraper - ERROR - get_html:238 - Failed to fetch URL after 3 attempts: https://kakaku.com/kuruma/used/spec/Maker=2/Model=30196/Generation=40109/UCGrade=12088/Page=1/
2025-06-27 17:24:29,339 - car_scraper - WARNING - process_car_details:524 - Failed to get HTML for: https://kakaku.com/kuruma/used/spec/Maker=2/Model=30196/Generation=40109/UCGrade=12088/Page=1/
2025-06-27 17:24:40,266 - car_scraper - WARNING - get_html:218 - HTTP error 404 for URL: https://kakaku.com/kuruma/used/spec/Maker=2/Model=30196/Generation=40109/UCGrade=12096/Page=1/
2025-06-27 17:24:40,267 - car_scraper - ERROR - get_html:238 - Failed to fetch URL after 3 attempts: https://kakaku.com/kuruma/used/spec/Maker=2/Model=30196/Generation=40109/UCGrade=12096/Page=1/
2025-06-27 17:24:40,268 - car_scraper - WARNING - process_car_details:524 - Failed to get HTML for: https://kakaku.com/kuruma/used/spec/Maker=2/Model=30196/Generation=40109/UCGrade=12096/Page=1/
2025-06-27 17:24:51,695 - car_scraper - WARNING - get_html:218 - HTTP error 404 for URL: https://kakaku.com/kuruma/used/spec/Maker=2/Model=30196/Generation=40109/UCGrade=12091/Page=1/
2025-06-27 17:24:51,696 - car_scraper - ERROR - get_html:238 - Failed to fetch URL after 3 attempts: https://kakaku.com/kuruma/used/spec/Maker=2/Model=30196/Generation=40109/UCGrade=12091/Page=1/
2025-06-27 17:24:51,696 - car_scraper - WARNING - process_car_details:524 - Failed to get HTML for: https://kakaku.com/kuruma/used/spec/Maker=2/Model=30196/Generation=40109/UCGrade=12091/Page=1/
2025-06-27 17:24:53,529 - car_scraper - WARNING - get_html:218 - HTTP error 404 for URL: https://kakaku.com/kuruma/used/spec/Maker=2/Model=30196/Generation=40109/UCGrade=12094/Page=1/
2025-06-27 17:24:53,530 - car_scraper - ERROR - get_html:238 - Failed to fetch URL after 3 attempts: https://kakaku.com/kuruma/used/spec/Maker=2/Model=30196/Generation=40109/UCGrade=12094/Page=1/
2025-06-27 17:24:53,530 - car_scraper - WARNING - process_car_details:524 - Failed to get HTML for: https://kakaku.com/kuruma/used/spec/Maker=2/Model=30196/Generation=40109/UCGrade=12094/Page=1/
2025-06-27 17:24:55,529 - car_scraper - WARNING - get_html:218 - HTTP error 404 for URL: https://kakaku.com/kuruma/used/spec/Maker=2/Model=30196/Generation=40109/UCGrade=12086/Page=1/
2025-06-27 17:24:55,529 - car_scraper - ERROR - get_html:238 - Failed to fetch URL after 3 attempts: https://kakaku.com/kuruma/used/spec/Maker=2/Model=30196/Generation=40109/UCGrade=12086/Page=1/
2025-06-27 17:24:55,529 - car_scraper - WARNING - process_car_details:524 - Failed to get HTML for: https://kakaku.com/kuruma/used/spec/Maker=2/Model=30196/Generation=40109/UCGrade=12086/Page=1/
2025-06-27 17:25:00,791 - car_scraper - WARNING - get_html:218 - HTTP error 404 for URL: https://kakaku.com/kuruma/used/spec/Maker=2/Model=30196/Generation=40109/UCGrade=12083/Page=1/
2025-06-27 17:25:00,792 - car_scraper - ERROR - get_html:238 - Failed to fetch URL after 3 attempts: https://kakaku.com/kuruma/used/spec/Maker=2/Model=30196/Generation=40109/UCGrade=12083/Page=1/
2025-06-27 17:25:00,792 - car_scraper - WARNING - process_car_details:524 - Failed to get HTML for: https://kakaku.com/kuruma/used/spec/Maker=2/Model=30196/Generation=40109/UCGrade=12083/Page=1/
2025-06-27 17:30:58,617 - car_scraper - INFO - process_car_details:581 - Processing complete. Success: 69, Failed: 0, Total items: 1893
2025-06-27 17:30:58,768 - car_scraper - INFO - preprocess_dataframe:604 - Starting preprocessing of DataFrame with 1893 rows
2025-06-27 17:30:58,768 - car_scraper - INFO - preprocess_dataframe:610 - Removing 2 columns with long names
2025-06-27 17:30:58,790 - car_scraper - INFO - preprocess_dataframe:745 - Dropped 13 rows with missing critical data
2025-06-27 17:30:58,794 - car_scraper - INFO - preprocess_dataframe:784 - Preprocessing complete. Rows: 1893 -> 1880
2025-06-27 17:30:58,822 - car_scraper - INFO - filter_dataframe:815 - 欠損値を含む行を削除しました。
2025-06-27 17:30:58,829 - car_scraper - INFO - process_by_carmaker:884 - Processing model: アコードユーロR
2025-06-27 17:30:58,851 - car_scraper - INFO - process_by_carmaker:945 - Saved output/20250627_アコードユーロR_withexpectedPrice.csv
2025-06-27 17:30:58,851 - car_scraper - INFO - process_by_carmaker:884 - Processing model: シビックタイプR
2025-06-27 17:30:58,893 - car_scraper - INFO - process_by_carmaker:945 - Saved output/20250627_シビックタイプR_withexpectedPrice.csv
2025-06-27 17:30:58,893 - car_scraper - INFO - process_by_carmaker:884 - Processing model: CR-V
2025-06-27 17:30:59,216 - car_scraper - INFO - process_by_carmaker:945 - Saved output/20250627_CR-V_withexpectedPrice.csv
2025-06-27 17:30:59,216 - car_scraper - INFO - process_by_carmaker:884 - Processing model: S2000
2025-06-27 17:30:59,249 - car_scraper - INFO - process_by_carmaker:945 - Saved output/20250627_S2000_withexpectedPrice.csv
2025-06-27 17:30:59,249 - car_scraper - INFO - process_by_carmaker:884 - Processing model: S660
2025-06-27 17:30:59,286 - car_scraper - INFO - process_by_carmaker:945 - Saved output/20250627_S660_withexpectedPrice.csv
2025-06-27 17:30:59,291 - car_scraper - INFO - process_by_carmaker:872 - Processing マツダ
2025-06-27 17:30:59,291 - car_scraper - INFO - process_car_details:487 - Starting to process 120 URLs
2025-06-27 17:38:44,624 - car_scraper - WARNING - get_html:218 - HTTP error 404 for URL: https://kakaku.com/kuruma/used/spec/Maker=5/Model=30575/Generation=40273/UCGrade=23770/Page=1/
2025-06-27 17:38:44,624 - car_scraper - ERROR - get_html:238 - Failed to fetch URL after 3 attempts: https://kakaku.com/kuruma/used/spec/Maker=5/Model=30575/Generation=40273/UCGrade=23770/Page=1/
2025-06-27 17:38:44,625 - car_scraper - WARNING - process_car_details:524 - Failed to get HTML for: https://kakaku.com/kuruma/used/spec/Maker=5/Model=30575/Generation=40273/UCGrade=23770/Page=1/
2025-06-27 17:49:13,499 - car_scraper - WARNING - get_html:218 - HTTP error 404 for URL: https://kakaku.com/kuruma/used/spec/Maker=5/Model=33374/Generation=42289/UCGrade=57057/Page=1/
2025-06-27 17:49:13,502 - car_scraper - ERROR - get_html:238 - Failed to fetch URL after 3 attempts: https://kakaku.com/kuruma/used/spec/Maker=5/Model=33374/Generation=42289/UCGrade=57057/Page=1/
2025-06-27 17:49:13,502 - car_scraper - WARNING - process_car_details:524 - Failed to get HTML for: https://kakaku.com/kuruma/used/spec/Maker=5/Model=33374/Generation=42289/UCGrade=57057/Page=1/
2025-06-27 17:49:15,605 - car_scraper - WARNING - get_html:218 - HTTP error 404 for URL: https://kakaku.com/kuruma/used/spec/Maker=5/Model=33374/Generation=42289/UCGrade=49786/Page=1/
2025-06-27 17:49:15,606 - car_scraper - ERROR - get_html:238 - Failed to fetch URL after 3 attempts: https://kakaku.com/kuruma/used/spec/Maker=5/Model=33374/Generation=42289/UCGrade=49786/Page=1/
2025-06-27 17:49:15,606 - car_scraper - WARNING - process_car_details:524 - Failed to get HTML for: https://kakaku.com/kuruma/used/spec/Maker=5/Model=33374/Generation=42289/UCGrade=49786/Page=1/
2025-06-27 17:49:18,636 - car_scraper - WARNING - get_html:218 - HTTP error 404 for URL: https://kakaku.com/kuruma/used/spec/Maker=5/Model=33374/Generation=42289/UCGrade=57054/Page=1/
2025-06-27 17:49:18,637 - car_scraper - ERROR - get_html:238 - Failed to fetch URL after 3 attempts: https://kakaku.com/kuruma/used/spec/Maker=5/Model=33374/Generation=42289/UCGrade=57054/Page=1/
2025-06-27 17:49:18,637 - car_scraper - WARNING - process_car_details:524 - Failed to get HTML for: https://kakaku.com/kuruma/used/spec/Maker=5/Model=33374/Generation=42289/UCGrade=57054/Page=1/
2025-06-27 17:57:38,798 - car_scraper - WARNING - get_html:218 - HTTP error 404 for URL: https://kakaku.com/kuruma/used/spec/Maker=5/Model=33414/Generation=42377/UCGrade=63510/Page=1/
2025-06-27 17:57:38,800 - car_scraper - ERROR - get_html:238 - Failed to fetch URL after 3 attempts: https://kakaku.com/kuruma/used/spec/Maker=5/Model=33414/Generation=42377/UCGrade=63510/Page=1/
2025-06-27 17:57:38,800 - car_scraper - WARNING - process_car_details:524 - Failed to get HTML for: https://kakaku.com/kuruma/used/spec/Maker=5/Model=33414/Generation=42377/UCGrade=63510/Page=1/
2025-06-27 17:58:00,598 - car_scraper - WARNING - get_html:218 - HTTP error 404 for URL: https://kakaku.com/kuruma/used/spec/Maker=5/Model=33414/Generation=42377/UCGrade=54715/Page=1/
2025-06-27 17:58:00,599 - car_scraper - ERROR - get_html:238 - Failed to fetch URL after 3 attempts: https://kakaku.com/kuruma/used/spec/Maker=5/Model=33414/Generation=42377/UCGrade=54715/Page=1/
2025-06-27 17:58:00,599 - car_scraper - WARNING - process_car_details:524 - Failed to get HTML for: https://kakaku.com/kuruma/used/spec/Maker=5/Model=33414/Generation=42377/UCGrade=54715/Page=1/
2025-06-27 17:58:20,699 - car_scraper - INFO - process_car_details:581 - Processing complete. Success: 120, Failed: 0, Total items: 3978
2025-06-27 17:58:20,790 - car_scraper - INFO - preprocess_dataframe:604 - Starting preprocessing of DataFrame with 3978 rows
2025-06-27 17:58:20,791 - car_scraper - INFO - preprocess_dataframe:610 - Removing 2 columns with long names
2025-06-27 17:58:20,827 - car_scraper - INFO - preprocess_dataframe:745 - Dropped 4 rows with missing critical data
2025-06-27 17:58:20,837 - car_scraper - INFO - preprocess_dataframe:784 - Preprocessing complete. Rows: 3978 -> 3974
2025-06-27 17:58:20,843 - car_scraper - INFO - filter_dataframe:815 - 欠損値を含む行を削除しました。
2025-06-27 17:58:20,845 - car_scraper - INFO - process_by_carmaker:884 - Processing model: ロードスター
2025-06-27 17:58:20,914 - car_scraper - INFO - process_by_carmaker:945 - Saved output/20250627_ロードスター_withexpectedPrice.csv
2025-06-27 17:58:20,914 - car_scraper - INFO - process_by_carmaker:884 - Processing model: ロードスターRF
2025-06-27 17:58:20,991 - car_scraper - INFO - process_by_carmaker:945 - Saved output/20250627_ロードスターRF_withexpectedPrice.csv
2025-06-27 17:58:20,991 - car_scraper - INFO - process_by_carmaker:884 - Processing model: CX-30
2025-06-27 17:58:22,698 - car_scraper - INFO - process_by_carmaker:945 - Saved output/20250627_CX-30_withexpectedPrice.csv
2025-06-27 17:58:22,699 - car_scraper - INFO - process_by_carmaker:884 - Processing model: CX-60
2025-06-27 17:58:23,145 - car_scraper - INFO - process_by_carmaker:945 - Saved output/20250627_CX-60_withexpectedPrice.csv
2025-06-27 17:58:23,145 - car_scraper - INFO - process_by_carmaker:884 - Processing model: MX-30
2025-06-27 17:58:23,160 - car_scraper - INFO - process_by_carmaker:945 - Saved output/20250627_MX-30_withexpectedPrice.csv
2025-06-27 17:58:23,161 - car_scraper - INFO - process_by_carmaker:872 - Processing レクサス
2025-06-27 17:58:23,161 - car_scraper - INFO - process_car_details:487 - Starting to process 259 URLs
2025-06-27 17:58:36,941 - car_scraper - WARNING - get_html:218 - HTTP error 404 for URL: https://kakaku.com/kuruma/used/spec/Maker=10/Model=33192/Generation=41943/UCGrade=45048/Page=1/
2025-06-27 17:58:36,942 - car_scraper - ERROR - get_html:238 - Failed to fetch URL after 3 attempts: https://kakaku.com/kuruma/used/spec/Maker=10/Model=33192/Generation=41943/UCGrade=45048/Page=1/
2025-06-27 17:58:36,942 - car_scraper - WARNING - process_car_details:524 - Failed to get HTML for: https://kakaku.com/kuruma/used/spec/Maker=10/Model=33192/Generation=41943/UCGrade=45048/Page=1/
2025-06-27 17:59:43,366 - car_scraper - WARNING - get_html:218 - HTTP error 404 for URL: https://kakaku.com/kuruma/used/spec/Maker=10/Model=30733/Generation=41681/UCGrade=46454/Page=1/
2025-06-27 17:59:43,366 - car_scraper - ERROR - get_html:238 - Failed to fetch URL after 3 attempts: https://kakaku.com/kuruma/used/spec/Maker=10/Model=30733/Generation=41681/UCGrade=46454/Page=1/
2025-06-27 17:59:43,366 - car_scraper - WARNING - process_car_details:524 - Failed to get HTML for: https://kakaku.com/kuruma/used/spec/Maker=10/Model=30733/Generation=41681/UCGrade=46454/Page=1/
2025-06-27 18:04:47,066 - car_scraper - WARNING - get_html:218 - HTTP error 404 for URL: https://kakaku.com/kuruma/used/spec/Maker=10/Model=30733/Generation=40640/UCGrade=17713/Page=1/
2025-06-27 18:04:47,067 - car_scraper - ERROR - get_html:238 - Failed to fetch URL after 3 attempts: https://kakaku.com/kuruma/used/spec/Maker=10/Model=30733/Generation=40640/UCGrade=17713/Page=1/
2025-06-27 18:04:47,067 - car_scraper - WARNING - process_car_details:524 - Failed to get HTML for: https://kakaku.com/kuruma/used/spec/Maker=10/Model=30733/Generation=40640/UCGrade=17713/Page=1/
2025-06-27 18:04:55,607 - car_scraper - WARNING - get_html:218 - HTTP error 404 for URL: https://kakaku.com/kuruma/used/spec/Maker=10/Model=30733/Generation=40640/UCGrade=17700/Page=1/
2025-06-27 18:04:55,607 - car_scraper - ERROR - get_html:238 - Failed to fetch URL after 3 attempts: https://kakaku.com/kuruma/used/spec/Maker=10/Model=30733/Generation=40640/UCGrade=17700/Page=1/
2025-06-27 18:04:55,607 - car_scraper - WARNING - process_car_details:524 - Failed to get HTML for: https://kakaku.com/kuruma/used/spec/Maker=10/Model=30733/Generation=40640/UCGrade=17700/Page=1/
2025-06-27 18:05:07,315 - car_scraper - WARNING - get_html:218 - HTTP error 404 for URL: https://kakaku.com/kuruma/used/spec/Maker=10/Model=30733/Generation=40640/UCGrade=17694/Page=1/
2025-06-27 18:05:07,316 - car_scraper - ERROR - get_html:238 - Failed to fetch URL after 3 attempts: https://kakaku.com/kuruma/used/spec/Maker=10/Model=30733/Generation=40640/UCGrade=17694/Page=1/
2025-06-27 18:05:07,316 - car_scraper - WARNING - process_car_details:524 - Failed to get HTML for: https://kakaku.com/kuruma/used/spec/Maker=10/Model=30733/Generation=40640/UCGrade=17694/Page=1/
2025-06-27 18:05:35,958 - car_scraper - WARNING - get_html:218 - HTTP error 404 for URL: https://kakaku.com/kuruma/used/spec/Maker=10/Model=30733/Generation=40640/UCGrade=17698/Page=1/
2025-06-27 18:05:35,959 - car_scraper - ERROR - get_html:238 - Failed to fetch URL after 3 attempts: https://kakaku.com/kuruma/used/spec/Maker=10/Model=30733/Generation=40640/UCGrade=17698/Page=1/
2025-06-27 18:05:35,959 - car_scraper - WARNING - process_car_details:524 - Failed to get HTML for: https://kakaku.com/kuruma/used/spec/Maker=10/Model=30733/Generation=40640/UCGrade=17698/Page=1/
2025-06-27 18:06:56,386 - car_scraper - WARNING - get_html:218 - HTTP error 404 for URL: https://kakaku.com/kuruma/used/spec/Maker=10/Model=33278/Generation=42087/UCGrade=49800/Page=1/
2025-06-27 18:06:56,388 - car_scraper - ERROR - get_html:238 - Failed to fetch URL after 3 attempts: https://kakaku.com/kuruma/used/spec/Maker=10/Model=33278/Generation=42087/UCGrade=49800/Page=1/
2025-06-27 18:06:56,388 - car_scraper - WARNING - process_car_details:524 - Failed to get HTML for: https://kakaku.com/kuruma/used/spec/Maker=10/Model=33278/Generation=42087/UCGrade=49800/Page=1/
2025-06-27 18:15:29,325 - car_scraper - WARNING - get_html:218 - HTTP error 404 for URL: https://kakaku.com/kuruma/used/spec/Maker=10/Model=30735/Generation=40641/UCGrade=17726/Page=1/
2025-06-27 18:15:29,326 - car_scraper - ERROR - get_html:238 - Failed to fetch URL after 3 attempts: https://kakaku.com/kuruma/used/spec/Maker=10/Model=30735/Generation=40641/UCGrade=17726/Page=1/
2025-06-27 18:15:29,326 - car_scraper - WARNING - process_car_details:524 - Failed to get HTML for: https://kakaku.com/kuruma/used/spec/Maker=10/Model=30735/Generation=40641/UCGrade=17726/Page=1/
2025-06-27 18:15:46,882 - car_scraper - WARNING - get_html:218 - HTTP error 404 for URL: https://kakaku.com/kuruma/used/spec/Maker=10/Model=30735/Generation=40641/UCGrade=17727/Page=1/
2025-06-27 18:15:46,883 - car_scraper - ERROR - get_html:238 - Failed to fetch URL after 3 attempts: https://kakaku.com/kuruma/used/spec/Maker=10/Model=30735/Generation=40641/UCGrade=17727/Page=1/
2025-06-27 18:15:46,883 - car_scraper - WARNING - process_car_details:524 - Failed to get HTML for: https://kakaku.com/kuruma/used/spec/Maker=10/Model=30735/Generation=40641/UCGrade=17727/Page=1/
2025-06-27 18:15:49,230 - car_scraper - WARNING - get_html:218 - HTTP error 404 for URL: https://kakaku.com/kuruma/used/spec/Maker=10/Model=30735/Generation=40641/UCGrade=26205/Page=1/
2025-06-27 18:15:49,230 - car_scraper - ERROR - get_html:238 - Failed to fetch URL after 3 attempts: https://kakaku.com/kuruma/used/spec/Maker=10/Model=30735/Generation=40641/UCGrade=26205/Page=1/
2025-06-27 18:15:49,230 - car_scraper - WARNING - process_car_details:524 - Failed to get HTML for: https://kakaku.com/kuruma/used/spec/Maker=10/Model=30735/Generation=40641/UCGrade=26205/Page=1/
2025-06-27 18:16:13,813 - car_scraper - WARNING - get_html:218 - HTTP error 404 for URL: https://kakaku.com/kuruma/used/spec/Maker=10/Model=30735/Generation=40641/UCGrade=26211/Page=1/
2025-06-27 18:16:13,813 - car_scraper - ERROR - get_html:238 - Failed to fetch URL after 3 attempts: https://kakaku.com/kuruma/used/spec/Maker=10/Model=30735/Generation=40641/UCGrade=26211/Page=1/
2025-06-27 18:16:13,814 - car_scraper - WARNING - process_car_details:524 - Failed to get HTML for: https://kakaku.com/kuruma/used/spec/Maker=10/Model=30735/Generation=40641/UCGrade=26211/Page=1/
2025-06-27 18:26:12,159 - car_scraper - WARNING - get_html:218 - HTTP error 404 for URL: https://kakaku.com/kuruma/used/spec/Maker=10/Model=33122/Generation=41808/UCGrade=43271/Page=1/
2025-06-27 18:26:12,161 - car_scraper - ERROR - get_html:238 - Failed to fetch URL after 3 attempts: https://kakaku.com/kuruma/used/spec/Maker=10/Model=33122/Generation=41808/UCGrade=43271/Page=1/
2025-06-27 18:26:12,161 - car_scraper - WARNING - process_car_details:524 - Failed to get HTML for: https://kakaku.com/kuruma/used/spec/Maker=10/Model=33122/Generation=41808/UCGrade=43271/Page=1/
2025-06-27 18:35:10,999 - car_scraper - WARNING - get_html:218 - HTTP error 404 for URL: https://kakaku.com/kuruma/used/spec/Maker=10/Model=33132/Generation=41830/UCGrade=29802/Page=1/
2025-06-27 18:35:11,000 - car_scraper - ERROR - get_html:238 - Failed to fetch URL after 3 attempts: https://kakaku.com/kuruma/used/spec/Maker=10/Model=33132/Generation=41830/UCGrade=29802/Page=1/
2025-06-27 18:35:11,000 - car_scraper - WARNING - process_car_details:524 - Failed to get HTML for: https://kakaku.com/kuruma/used/spec/Maker=10/Model=33132/Generation=41830/UCGrade=29802/Page=1/
2025-06-27 18:41:37,212 - car_scraper - WARNING - get_html:218 - HTTP error 404 for URL: https://kakaku.com/kuruma/used/spec/Maker=10/Model=30738/Generation=41933/UCGrade=57215/Page=1/
2025-06-27 18:41:37,213 - car_scraper - ERROR - get_html:238 - Failed to fetch URL after 3 attempts: https://kakaku.com/kuruma/used/spec/Maker=10/Model=30738/Generation=41933/UCGrade=57215/Page=1/
2025-06-27 18:41:37,214 - car_scraper - WARNING - process_car_details:524 - Failed to get HTML for: https://kakaku.com/kuruma/used/spec/Maker=10/Model=30738/Generation=41933/UCGrade=57215/Page=1/
2025-06-27 18:42:04,169 - car_scraper - WARNING - get_html:218 - HTTP error 404 for URL: https://kakaku.com/kuruma/used/spec/Maker=10/Model=30738/Generation=41933/UCGrade=46471/Page=1/
2025-06-27 18:42:04,170 - car_scraper - ERROR - get_html:238 - Failed to fetch URL after 3 attempts: https://kakaku.com/kuruma/used/spec/Maker=10/Model=30738/Generation=41933/UCGrade=46471/Page=1/
2025-06-27 18:42:04,171 - car_scraper - WARNING - process_car_details:524 - Failed to get HTML for: https://kakaku.com/kuruma/used/spec/Maker=10/Model=30738/Generation=41933/UCGrade=46471/Page=1/
2025-06-27 18:46:57,443 - car_scraper - WARNING - get_html:218 - HTTP error 404 for URL: https://kakaku.com/kuruma/used/spec/Maker=10/Model=30738/Generation=40659/UCGrade=17820/Page=1/
2025-06-27 18:46:57,444 - car_scraper - ERROR - get_html:238 - Failed to fetch URL after 3 attempts: https://kakaku.com/kuruma/used/spec/Maker=10/Model=30738/Generation=40659/UCGrade=17820/Page=1/
2025-06-27 18:46:57,445 - car_scraper - WARNING - process_car_details:524 - Failed to get HTML for: https://kakaku.com/kuruma/used/spec/Maker=10/Model=30738/Generation=40659/UCGrade=17820/Page=1/
2025-06-27 18:47:08,827 - car_scraper - WARNING - get_html:218 - HTTP error 404 for URL: https://kakaku.com/kuruma/used/spec/Maker=10/Model=30738/Generation=40659/UCGrade=17818/Page=1/
2025-06-27 18:47:08,828 - car_scraper - ERROR - get_html:238 - Failed to fetch URL after 3 attempts: https://kakaku.com/kuruma/used/spec/Maker=10/Model=30738/Generation=40659/UCGrade=17818/Page=1/
2025-06-27 18:47:08,828 - car_scraper - WARNING - process_car_details:524 - Failed to get HTML for: https://kakaku.com/kuruma/used/spec/Maker=10/Model=30738/Generation=40659/UCGrade=17818/Page=1/
2025-06-27 18:47:15,774 - car_scraper - WARNING - get_html:218 - HTTP error 404 for URL: https://kakaku.com/kuruma/used/spec/Maker=10/Model=30738/Generation=40659/UCGrade=17821/Page=1/
2025-06-27 18:47:15,775 - car_scraper - ERROR - get_html:238 - Failed to fetch URL after 3 attempts: https://kakaku.com/kuruma/used/spec/Maker=10/Model=30738/Generation=40659/UCGrade=17821/Page=1/
2025-06-27 18:47:15,775 - car_scraper - WARNING - process_car_details:524 - Failed to get HTML for: https://kakaku.com/kuruma/used/spec/Maker=10/Model=30738/Generation=40659/UCGrade=17821/Page=1/
2025-06-27 18:47:24,195 - car_scraper - WARNING - get_html:218 - HTTP error 404 for URL: https://kakaku.com/kuruma/used/spec/Maker=10/Model=30738/Generation=40659/UCGrade=17915/Page=1/
2025-06-27 18:47:24,195 - car_scraper - ERROR - get_html:238 - Failed to fetch URL after 3 attempts: https://kakaku.com/kuruma/used/spec/Maker=10/Model=30738/Generation=40659/UCGrade=17915/Page=1/
2025-06-27 18:47:24,195 - car_scraper - WARNING - process_car_details:524 - Failed to get HTML for: https://kakaku.com/kuruma/used/spec/Maker=10/Model=30738/Generation=40659/UCGrade=17915/Page=1/
2025-06-27 18:47:42,927 - car_scraper - WARNING - get_html:218 - HTTP error 404 for URL: https://kakaku.com/kuruma/used/spec/Maker=10/Model=30738/Generation=40659/UCGrade=17911/Page=1/
2025-06-27 18:47:42,927 - car_scraper - ERROR - get_html:238 - Failed to fetch URL after 3 attempts: https://kakaku.com/kuruma/used/spec/Maker=10/Model=30738/Generation=40659/UCGrade=17911/Page=1/
2025-06-27 18:47:42,928 - car_scraper - WARNING - process_car_details:524 - Failed to get HTML for: https://kakaku.com/kuruma/used/spec/Maker=10/Model=30738/Generation=40659/UCGrade=17911/Page=1/
2025-06-27 18:48:04,938 - car_scraper - INFO - process_car_details:581 - Processing complete. Success: 259, Failed: 0, Total items: 7058
2025-06-27 18:48:05,093 - car_scraper - INFO - preprocess_dataframe:604 - Starting preprocessing of DataFrame with 7058 rows
2025-06-27 18:48:05,094 - car_scraper - INFO - preprocess_dataframe:610 - Removing 2 columns with long names
2025-06-27 18:48:05,159 - car_scraper - INFO - preprocess_dataframe:745 - Dropped 43 rows with missing critical data
2025-06-27 18:48:05,176 - car_scraper - INFO - preprocess_dataframe:784 - Preprocessing complete. Rows: 7058 -> 7015
2025-06-27 18:48:05,187 - car_scraper - INFO - filter_dataframe:815 - 欠損値を含む行を削除しました。
2025-06-27 18:48:05,189 - car_scraper - INFO - process_by_carmaker:884 - Processing model: GSF
2025-06-27 18:48:05,210 - car_scraper - INFO - process_by_carmaker:945 - Saved output/20250627_GSF_withexpectedPrice.csv
2025-06-27 18:48:05,210 - car_scraper - INFO - process_by_carmaker:884 - Processing model: IS
2025-06-27 18:48:06,735 - car_scraper - INFO - process_by_carmaker:945 - Saved output/20250627_IS_withexpectedPrice.csv
2025-06-27 18:48:06,735 - car_scraper - INFO - process_by_carmaker:884 - Processing model: ISC
2025-06-27 18:48:06,790 - car_scraper - INFO - process_by_carmaker:945 - Saved output/20250627_ISC_withexpectedPrice.csv
2025-06-27 18:48:06,790 - car_scraper - INFO - process_by_carmaker:884 - Processing model: ISF
2025-06-27 18:48:06,809 - car_scraper - INFO - process_by_carmaker:945 - Saved output/20250627_ISF_withexpectedPrice.csv
2025-06-27 18:48:06,810 - car_scraper - INFO - process_by_carmaker:884 - Processing model: LC
2025-06-27 18:48:06,877 - car_scraper - INFO - process_by_carmaker:945 - Saved output/20250627_LC_withexpectedPrice.csv
2025-06-27 18:48:06,877 - car_scraper - INFO - process_by_carmaker:884 - Processing model: LCコンバーチブル
2025-06-27 18:48:06,920 - car_scraper - INFO - process_by_carmaker:945 - Saved output/20250627_LCコンバーチブル_withexpectedPrice.csv
2025-06-27 18:48:06,920 - car_scraper - INFO - process_by_carmaker:884 - Processing model: LS
2025-06-27 18:48:08,488 - car_scraper - INFO - process_by_carmaker:945 - Saved output/20250627_LS_withexpectedPrice.csv
2025-06-27 18:48:08,488 - car_scraper - INFO - process_by_carmaker:884 - Processing model: LX
2025-06-27 18:48:08,510 - car_scraper - INFO - process_by_carmaker:945 - Saved output/20250627_LX_withexpectedPrice.csv
2025-06-27 18:48:08,510 - car_scraper - INFO - process_by_carmaker:884 - Processing model: NX
2025-06-27 18:48:10,235 - car_scraper - INFO - process_by_carmaker:945 - Saved output/20250627_NX_withexpectedPrice.csv
2025-06-27 18:48:10,235 - car_scraper - INFO - process_by_carmaker:884 - Processing model: RC
2025-06-27 18:48:10,266 - car_scraper - INFO - process_by_carmaker:945 - Saved output/20250627_RC_withexpectedPrice.csv
2025-06-27 18:48:10,266 - car_scraper - INFO - process_by_carmaker:884 - Processing model: RCF
2025-06-27 18:48:10,277 - car_scraper - INFO - process_by_carmaker:945 - Saved output/20250627_RCF_withexpectedPrice.csv
2025-06-27 18:48:10,277 - car_scraper - INFO - process_by_carmaker:884 - Processing model: RX
2025-06-27 18:48:11,863 - car_scraper - INFO - process_by_carmaker:945 - Saved output/20250627_RX_withexpectedPrice.csv
2025-06-27 18:48:11,864 - car_scraper - INFO - process_by_carmaker:872 - Processing 三菱
2025-06-27 18:48:11,864 - car_scraper - INFO - process_car_details:487 - Starting to process 3 URLs
2025-06-27 18:48:13,320 - car_scraper - WARNING - get_html:218 - HTTP error 404 for URL: https://kakaku.com/kuruma/used/spec/Maker=4/Model=30493/Generation=40231/UCGrade=13962/Page=1/
2025-06-27 18:48:13,321 - car_scraper - ERROR - get_html:238 - Failed to fetch URL after 3 attempts: https://kakaku.com/kuruma/used/spec/Maker=4/Model=30493/Generation=40231/UCGrade=13962/Page=1/
2025-06-27 18:48:13,321 - car_scraper - WARNING - process_car_details:524 - Failed to get HTML for: https://kakaku.com/kuruma/used/spec/Maker=4/Model=30493/Generation=40231/UCGrade=13962/Page=1/
2025-06-27 18:48:43,184 - car_scraper - INFO - process_car_details:581 - Processing complete. Success: 3, Failed: 0, Total items: 81
2025-06-27 18:48:43,199 - car_scraper - INFO - preprocess_dataframe:604 - Starting preprocessing of DataFrame with 81 rows
2025-06-27 18:48:43,199 - car_scraper - INFO - preprocess_dataframe:610 - Removing 1 columns with long names
2025-06-27 18:48:43,202 - car_scraper - INFO - preprocess_dataframe:745 - Dropped 1 rows with missing critical data
2025-06-27 18:48:43,203 - car_scraper - INFO - preprocess_dataframe:784 - Preprocessing complete. Rows: 81 -> 80
2025-06-27 18:48:43,210 - car_scraper - INFO - filter_dataframe:815 - 欠損値を含む行を削除しました。
2025-06-27 18:48:43,212 - car_scraper - INFO - process_by_carmaker:884 - Processing model: ランサーエボリューション
2025-06-27 18:48:43,226 - car_scraper - INFO - process_by_carmaker:945 - Saved output/20250627_ランサーエボリューション_withexpectedPrice.csv
2025-06-27 18:48:43,226 - car_scraper - INFO - process_by_carmaker:872 - Processing 日産
2025-06-27 18:48:43,226 - car_scraper - INFO - process_car_details:487 - Starting to process 45 URLs
2025-06-27 18:55:05,787 - car_scraper - WARNING - get_html:218 - HTTP error 404 for URL: https://kakaku.com/kuruma/used/spec/Maker=3/Model=30374/Generation=40178/UCGrade=13113/Page=1/
2025-06-27 18:55:05,788 - car_scraper - ERROR - get_html:238 - Failed to fetch URL after 3 attempts: https://kakaku.com/kuruma/used/spec/Maker=3/Model=30374/Generation=40178/UCGrade=13113/Page=1/
2025-06-27 18:55:05,788 - car_scraper - WARNING - process_car_details:524 - Failed to get HTML for: https://kakaku.com/kuruma/used/spec/Maker=3/Model=30374/Generation=40178/UCGrade=13113/Page=1/
2025-06-27 18:56:20,529 - car_scraper - WARNING - get_html:218 - HTTP error 404 for URL: https://kakaku.com/kuruma/used/spec/Maker=3/Model=30284/Generation=40207/UCGrade=13508/Page=1/
2025-06-27 18:56:20,529 - car_scraper - ERROR - get_html:238 - Failed to fetch URL after 3 attempts: https://kakaku.com/kuruma/used/spec/Maker=3/Model=30284/Generation=40207/UCGrade=13508/Page=1/
2025-06-27 18:56:20,530 - car_scraper - WARNING - process_car_details:524 - Failed to get HTML for: https://kakaku.com/kuruma/used/spec/Maker=3/Model=30284/Generation=40207/UCGrade=13508/Page=1/
2025-06-27 18:57:36,250 - car_scraper - WARNING - get_html:218 - HTTP error 404 for URL: https://kakaku.com/kuruma/used/spec/Maker=3/Model=30284/Generation=40207/UCGrade=30006/Page=1/
2025-06-27 18:57:36,252 - car_scraper - ERROR - get_html:238 - Failed to fetch URL after 3 attempts: https://kakaku.com/kuruma/used/spec/Maker=3/Model=30284/Generation=40207/UCGrade=30006/Page=1/
2025-06-27 18:57:36,252 - car_scraper - WARNING - process_car_details:524 - Failed to get HTML for: https://kakaku.com/kuruma/used/spec/Maker=3/Model=30284/Generation=40207/UCGrade=30006/Page=1/
2025-06-27 18:57:38,471 - car_scraper - INFO - process_car_details:581 - Processing complete. Success: 45, Failed: 0, Total items: 1232
2025-06-27 18:57:38,494 - car_scraper - INFO - preprocess_dataframe:604 - Starting preprocessing of DataFrame with 1232 rows
2025-06-27 18:57:38,495 - car_scraper - INFO - preprocess_dataframe:610 - Removing 2 columns with long names
2025-06-27 18:57:38,506 - car_scraper - INFO - preprocess_dataframe:745 - Dropped 69 rows with missing critical data
2025-06-27 18:57:38,509 - car_scraper - INFO - preprocess_dataframe:784 - Preprocessing complete. Rows: 1232 -> 1163
2025-06-27 18:57:38,511 - car_scraper - INFO - filter_dataframe:815 - 欠損値を含む行を削除しました。
2025-06-27 18:57:38,511 - car_scraper - INFO - process_by_carmaker:884 - Processing model: フェアレディZ
2025-06-27 18:57:38,608 - car_scraper - INFO - process_by_carmaker:945 - Saved output/20250627_フェアレディZ_withexpectedPrice.csv
2025-06-27 18:57:38,609 - car_scraper - INFO - process_by_carmaker:884 - Processing model: GT-R
2025-06-27 18:57:38,639 - car_scraper - INFO - process_by_carmaker:945 - Saved output/20250627_GT-R_withexpectedPrice.csv
