2025-06-27 08:19:52,323 - ScheduledScraper - INFO - run_scheduled_scraping:268 - === Scheduled scraping started ===
2025-06-27 08:19:53,328 - ScheduledScraper - INFO - run_scheduled_scraping:272 - System resources: {'timestamp': '2025-06-27T08:19:52.323189', 'warnings': [], 'cpu_percent': 66.4, 'memory_percent': 81.2, 'memory_available_gb': 3.01, 'disk_free_gb': 38.48, 'disk_used_percent': 72.06}
2025-06-27 08:19:53,328 - ScheduledScraper - INFO - run_scheduled_scraping:284 - DRY RUN MODE - No actual scraping will be performed
2025-06-27 08:20:28,155 - ScheduledScraper - INFO - run_scheduled_scraping:268 - === Scheduled scraping started ===
2025-06-27 08:20:29,160 - ScheduledScraper - INFO - run_scheduled_scraping:272 - System resources: {'timestamp': '2025-06-27T08:20:28.155433', 'warnings': [], 'cpu_percent': 53.1, 'memory_percent': 83.5, 'memory_available_gb': 2.64, 'disk_free_gb': 38.47, 'disk_used_percent': 72.07}
2025-06-27 08:20:29,161 - ScheduledScraper - INFO - run_scheduled_scraping:284 - DRY RUN MODE - No actual scraping will be performed
2025-06-27 08:21:48,276 - ScheduledScraper - INFO - run_scheduled_scraping:268 - === Scheduled scraping started ===
2025-06-27 08:21:49,282 - ScheduledScraper - INFO - run_scheduled_scraping:272 - System resources: {'timestamp': '2025-06-27T08:21:48.276757', 'warnings': [], 'cpu_percent': 48.9, 'memory_percent': 80.3, 'memory_available_gb': 3.15, 'disk_free_gb': 38.37, 'disk_used_percent': 72.11}
2025-06-27 08:21:49,330 - ScheduledScraper - INFO - run_scheduled_scraping:304 - TEST MODE - Processing only first car maker
2025-06-27 08:21:49,330 - ScheduledScraper - INFO - run_scheduled_scraping:309 - Processing 1 car makers: [0]
2025-06-27 08:30:19,895 - ScheduledScraper - INFO - _generate_execution_report:390 - Execution report saved: output/reports/execution_report_20250627_083019.json
2025-06-27 08:30:19,898 - ScheduledScraper - INFO - run_scheduled_scraping:326 - === Scheduled scraping completed successfully ===
2025-06-27 10:52:09,649 - ScheduledScraper - INFO - run_scheduled_scraping:268 - === Scheduled scraping started ===
2025-06-27 10:52:10,655 - ScheduledScraper - INFO - run_scheduled_scraping:272 - System resources: {'timestamp': '2025-06-27T10:52:09.649934', 'warnings': [], 'cpu_percent': 18.2, 'memory_percent': 81.3, 'memory_available_gb': 3.0, 'disk_free_gb': 36.13, 'disk_used_percent': 72.22}
2025-06-27 10:52:10,655 - ScheduledScraper - INFO - run_scheduled_scraping:284 - DRY RUN MODE - No actual scraping will be performed
2025-06-27 10:52:31,205 - ScheduledScraper - INFO - run_scheduled_scraping:268 - === Scheduled scraping started ===
2025-06-27 10:52:32,211 - ScheduledScraper - INFO - run_scheduled_scraping:272 - System resources: {'timestamp': '2025-06-27T10:52:31.205583', 'warnings': [], 'cpu_percent': 32.1, 'memory_percent': 80.8, 'memory_available_gb': 3.07, 'disk_free_gb': 36.12, 'disk_used_percent': 72.22}
2025-06-27 10:52:32,273 - ScheduledScraper - INFO - run_scheduled_scraping:304 - TEST MODE - Processing only first car maker
2025-06-27 10:52:32,274 - ScheduledScraper - INFO - run_scheduled_scraping:309 - Processing 1 car makers: [0]
2025-06-27 11:00:49,643 - ScheduledScraper - INFO - _generate_execution_report:390 - Execution report saved: output/reports/execution_report_20250627_110049.json
2025-06-27 11:00:49,646 - ScheduledScraper - INFO - run_scheduled_scraping:326 - === Scheduled scraping completed successfully ===
2025-06-27 11:40:03,390 - ScheduledScraper - INFO - run_scheduled_scraping:268 - === Scheduled scraping started ===
2025-06-27 11:40:04,396 - ScheduledScraper - INFO - run_scheduled_scraping:272 - System resources: {'timestamp': '2025-06-27T11:40:03.390966', 'warnings': [], 'cpu_percent': 34.3, 'memory_percent': 82.5, 'memory_available_gb': 2.8, 'disk_free_gb': 35.47, 'disk_used_percent': 72.51}
2025-06-27 11:40:04,396 - ScheduledScraper - INFO - run_scheduled_scraping:284 - DRY RUN MODE - No actual scraping will be performed
2025-06-27 11:40:14,021 - ScheduledScraper - INFO - run_scheduled_scraping:268 - === Scheduled scraping started ===
2025-06-27 11:40:15,025 - ScheduledScraper - INFO - run_scheduled_scraping:272 - System resources: {'timestamp': '2025-06-27T11:40:14.021751', 'warnings': [], 'cpu_percent': 31.8, 'memory_percent': 83.6, 'memory_available_gb': 2.63, 'disk_free_gb': 35.47, 'disk_used_percent': 72.51}
2025-06-27 11:40:15,067 - ScheduledScraper - INFO - run_scheduled_scraping:304 - TEST MODE - Processing only first car maker
2025-06-27 11:40:15,067 - ScheduledScraper - INFO - run_scheduled_scraping:309 - Processing 1 car makers: [8]
2025-06-27 12:05:09,523 - ScheduledScraper - INFO - _generate_execution_report:390 - Execution report saved: output/reports/execution_report_20250627_120509.json
2025-06-27 12:05:09,526 - ScheduledScraper - INFO - run_scheduled_scraping:326 - === Scheduled scraping completed successfully ===
2025-06-27 12:17:28,352 - ScheduledScraper - INFO - run_scheduled_scraping:268 - === Scheduled scraping started ===
2025-06-27 12:17:29,356 - ScheduledScraper - INFO - run_scheduled_scraping:272 - System resources: {'timestamp': '2025-06-27T12:17:28.353148', 'warnings': [], 'cpu_percent': 35.6, 'memory_percent': 80.8, 'memory_available_gb': 3.07, 'disk_free_gb': 34.7, 'disk_used_percent': 72.41}
2025-06-27 12:17:29,408 - ScheduledScraper - INFO - run_scheduled_scraping:309 - Processing 9 car makers: [8, 9, 10, 13, 21, 26, 33, 35, 36]
2025-06-27 18:57:39,656 - ScheduledScraper - INFO - _generate_execution_report:390 - Execution report saved: output/reports/execution_report_20250627_185739.json
2025-06-27 18:57:39,662 - ScheduledScraper - INFO - run_scheduled_scraping:326 - === Scheduled scraping completed successfully ===
